Add Pin To Net: Unknown Pin: Pin B1-+
Add Pin To Net: Unknown Pin: Pin B1--
Add Pin To Net: Unknown Pin: Pin J1-A1
Add Pin To Net: Unknown Pin: Pin J1-A4
Add Pin To Net: Unknown Pin: Pin J1-A5
Add Pin To Net: Unknown Pin: Pin J1-A6
Add Pin To Net: Unknown Pin: Pin J1-A7
Add Pin To Net: Unknown Pin: Pin J1-A9
Add Pin To Net: Unknown Pin: Pin J1-A12
Add Pin To Net: Unknown Pin: Pin J1-B1
Add Pin To Net: Unknown Pin: Pin J1-B4
Add Pin To Net: Unknown Pin: Pin J1-B5
Add Pin To Net: Unknown Pin: Pin J1-B6
Add Pin To Net: Unknown Pin: Pin J1-B7
Add Pin To Net: Unknown Pin: Pin J1-B9
Add Pin To Net: Unknown Pin: Pin J1-B12
Add Pin To Net: Unknown Pin: Pin J1-SHELL
Added Pin To Net: NetName=NetC16_B Pin=SW1-A
Added Pin To Net: NetName=NetC16_B Pin=SW1-A
Added Pin To Net: NetName=NetC17_A Pin=SW2-A
Added Pin To Net: NetName=NetC17_A Pin=SW2-A
Added Pin To Net: NetName=NetC18_B Pin=SW3-A
Added Pin To Net: NetName=NetC18_B Pin=SW3-A
Added Pin To Net: NetName=NetC19_B Pin=SW4-A
Added Pin To Net: NetName=NetC19_B Pin=SW4-A
Added Pin To Net: NetName=NetC20_B Pin=SW5-A
Added Pin To Net: NetName=NetC20_B Pin=SW5-A
Added Pin To Net: NetName=NetC21_B Pin=SW6-A
Added Pin To Net: NetName=NetC21_B Pin=SW6-A
Added Pin To Net: NetName=NetC22_B Pin=SW7-A
Added Pin To Net: NetName=NetC22_B Pin=SW7-A
Add Pin To Net: Unknown Pin: Pin U1-18
Add Class Member: Failed to add class member : Component B1 1200mAh
