Change Component Designator: OldDesignator=C1 NewDesignator=C6
Change Component Designator: OldDesignator=C2 NewDesignator=C7
Change Component Designator: OldDesignator=C3 NewDesignator=C8
Change Component Designator: OldDesignator=C4 NewDesignator=C9
Change Component Designator: OldDesignator=C5 NewDesignator=C10
Change Component Designator: OldDesignator=C6 NewDesignator=C11
Change Component Designator: OldDesignator=C7 NewDesignator=C12
Change Component Designator: OldDesignator=C8 NewDesignator=C13
Change Component Designator: OldDesignator=C9 NewDesignator=C14
Change Component Designator: OldDesignator=C10 NewDesignator=C15
Change Component Designator: OldDesignator=C11 NewDesignator=C16
Change Component Designator: OldDesignator=C12 NewDesignator=C17
Change Component Designator: OldDesignator=C13 NewDesignator=C1
Change Component Designator: OldDesignator=C14 NewDesignator=C2
Change Component Designator: OldDesignator=C15 NewDesignator=C3
Change Component Designator: OldDesignator=C16 NewDesignator=C4
Change Component Designator: OldDesignator=C17 NewDesignator=C5
Change Component Designator: OldDesignator=D1 NewDesignator=D3
Change Component Designator: OldDesignator=D2 NewDesignator=D4
Change Component Designator: OldDesignator=D3 NewDesignator=D5
Change Component Designator: OldDesignator=D4 NewDesignator=D2
Change Component Designator: OldDesignator=D5 NewDesignator=D1
Change Component Designator: OldDesignator=R1 NewDesignator=R6
Change Component Designator: OldDesignator=R2 NewDesignator=R7
Change Component Designator: OldDesignator=R3 NewDesignator=R8
Change Component Designator: OldDesignator=R4 NewDesignator=R9
Change Component Designator: OldDesignator=R5 NewDesignator=R10
Change Component Designator: OldDesignator=R6 NewDesignator=R11
Change Component Designator: OldDesignator=R7 NewDesignator=R12
Change Component Designator: OldDesignator=R8 NewDesignator=R13
Change Component Designator: OldDesignator=R9 NewDesignator=R14
Change Component Designator: OldDesignator=R10 NewDesignator=R15
Change Component Designator: OldDesignator=R11 NewDesignator=R16
Change Component Designator: OldDesignator=R12 NewDesignator=R17
Change Component Designator: OldDesignator=R13 NewDesignator=R18
Change Component Designator: OldDesignator=R14 NewDesignator=R19
Change Component Designator: OldDesignator=R15 NewDesignator=R20
Change Component Designator: OldDesignator=R16 NewDesignator=R21
Change Component Designator: OldDesignator=R17 NewDesignator=R22
Change Component Designator: OldDesignator=R18 NewDesignator=R23
Change Component Designator: OldDesignator=R19 NewDesignator=R24
Change Component Designator: OldDesignator=R20 NewDesignator=R1
Change Component Designator: OldDesignator=R21 NewDesignator=R2
Change Component Designator: OldDesignator=R22 NewDesignator=R4
Change Component Designator: OldDesignator=R23 NewDesignator=R3
Change Component Designator: OldDesignator=R24 NewDesignator=R5
Change Component Designator: OldDesignator=U1 NewDesignator=U2
Change Component Designator: OldDesignator=U2 NewDesignator=U1
Change Net Name : Old Net Name=NetC4_B New Net Name=NetC9_B
Change Net Name : Old Net Name=NetC6_B New Net Name=NetC11_B
Change Net Name : Old Net Name=NetC7_B New Net Name=NetC12_B
Change Net Name : Old Net Name=NetC8_B New Net Name=NetC13_B
Change Net Name : Old Net Name=NetC9_B New Net Name=NetC14_B
Change Net Name : Old Net Name=NetC10_B New Net Name=NetC15_B
Change Net Name : Old Net Name=NetC15_B New Net Name=NetC3_B
Change Net Name : Old Net Name=NetC16_B New Net Name=NetC4_B
Change Net Name : Old Net Name=NetC17_A New Net Name=NetC5_A
Change Net Name : Old Net Name=NetD1_B New Net Name=NetD3_B
Change Net Name : Old Net Name=NetD2_B New Net Name=NetD4_B
Change Net Name : Old Net Name=NetD3_B New Net Name=NetD5_B
Change Net Name : Old Net Name=NetD4_A New Net Name=NetD2_A
Change Net Name : Old Net Name=NetD5_A New Net Name=NetD1_A
Change Net Name : Old Net Name=NetR1_B New Net Name=NetR6_B
Change Net Name : Old Net Name=NetR2_A New Net Name=NetR7_A
Change Net Name : Old Net Name=NetR3_B New Net Name=NetR8_B
Change Net Name : Old Net Name=NetR4_B New Net Name=NetR9_B
Change Net Name : Old Net Name=NetR5_A New Net Name=NetR10_A
Change Net Name : Old Net Name=NetR7_B New Net Name=NetR12_B
Change Net Name : Old Net Name=NetR8_A New Net Name=NetR13_A
Change Net Name : Old Net Name=NetR9_A New Net Name=NetR14_A
Change Net Name : Old Net Name=NetR10_B New Net Name=NetR15_B
Change Net Name : Old Net Name=NetR11_B New Net Name=NetR16_B
Change Net Name : Old Net Name=NetR13_A New Net Name=NetR18_A
Change Net Name : Old Net Name=NetR15_B New Net Name=NetR20_B
Change Net Name : Old Net Name=NetR16_B New Net Name=NetR21_B
Change Net Name : Old Net Name=NetR17_B New Net Name=NetR22_B
Change Net Name : Old Net Name=NetR18_B New Net Name=NetR23_B
Change Net Name : Old Net Name=NetR19_B New Net Name=NetR24_B
Change Net Name : Old Net Name=NetR22_A New Net Name=NetR4_A
Change Net Name : Old Net Name=NetR23_B New Net Name=NetR3_B
Change Net Name : Old Net Name=NetR24_A New Net Name=NetR5_A
Change Net Name : Old Net Name=NetU2_11 New Net Name=NetU1_11
Change Net Name : Old Net Name=NetU2_12 New Net Name=NetU1_12
Change Net Name : Old Net Name=NetU2_36 New Net Name=NetU1_36
Change Net Name : Old Net Name=NetU2_37 New Net Name=NetU1_37
Add Class: Class already exists: Designator
Add Class: Class already exists: Designator
Add Class: Class already exists: Designator
