Removed Pin From Net: NetName=D_n Pin=R25-B
Removed Pin From Net: NetName=D_p Pin=R26-B
Removed Pin From Net: NetName=A_n Pin=SW9-1
Removed Pin From Net: NetName=D_n Pin=SW9-2
Removed Pin From Net: NetName=B_p Pin=SW9-3
Removed Pin From Net: NetName=A_p Pin=SW9-4
Removed Pin From Net: NetName=D_p Pin=SW9-5
Removed Pin From Net: NetName=B_n Pin=SW9-6
Added Pin To Net: NetName=B_n Pin=SW9-1
Added Pin To Net: NetName=A_n Pin=SW9-3
Added Pin To Net: NetName=B_p Pin=SW9-4
Added Pin To Net: NetName=A_p Pin=SW9-6
Add Pin To Net: Unknown Pin: Pin U5-4
Added Pin To Net: NetName=C_n Pin=R25-B
Added Pin To Net: NetName=C_n Pin=SW9-2
Added Net: Name=C_n
Added Pin To Net: NetName=C_p Pin=R26-B
Added Pin To Net: NetName=C_p Pin=SW9-5
Added Net: Name=C_p
Added Differential Pair: Name=C
