Removed Pin From Net: NetName=V_Bat Pin=B1-+
Removed Pin From Net: NetName=GND Pin=B1--
Removed Pin From Net: NetName=GND Pin=C1-A
Removed Pin From Net: NetName=V_Charger Pin=C1-B
Removed Pin From Net: NetName=GND Pin=C2-A
Removed Pin From Net: NetName=VCC Pin=C2-B
Removed Pin From Net: NetName=V_Bat Pin=C3-A
Removed Pin From Net: NetName=GND Pin=C3-B
Removed Pin From Net: NetName=GND Pin=C4-A
Removed Pin From Net: NetName=NetC4_B Pin=C4-B
Removed Pin From Net: NetName=+3V3 Pin=C5-A
Removed Pin From Net: NetName=GND Pin=C5-B
Removed Pin From Net: NetName=GND Pin=C6-A
Removed Pin From Net: NetName=VCC Pin=C6-B
Removed Pin From Net: NetName=GND Pin=C7-A
Removed Pin From Net: NetName=VCC Pin=C7-B
Removed Pin From Net: NetName=GND Pin=C8-A
Removed Pin From Net: NetName=V_Bus Pin=C8-B
Removed Pin From Net: NetName=GND Pin=C9-A
Removed Pin From Net: NetName=NetC9_B Pin=C9-B
Removed Pin From Net: NetName=GND Pin=C10-A
Removed Pin From Net: NetName=NetC10_B Pin=C10-B
Removed Pin From Net: NetName=GND Pin=C11-A
Removed Pin From Net: NetName=GND Pin=C12-A
Removed Pin From Net: NetName=GND Pin=C13-A
Removed Pin From Net: NetName=+3V3 Pin=C13-B
Removed Pin From Net: NetName=GND Pin=C14-A
Removed Pin From Net: NetName=+3V3 Pin=C14-B
Removed Pin From Net: NetName=GND Pin=C15-A
Removed Pin From Net: NetName=NetC15_B Pin=C15-B
Removed Pin From Net: NetName=GND Pin=C16-A
Removed Pin From Net: NetName=NetC16_B Pin=C16-B
Removed Pin From Net: NetName=NetC17_A Pin=C17-A
Removed Pin From Net: NetName=GND Pin=C17-B
Removed Pin From Net: NetName=GND Pin=C18-A
Removed Pin From Net: NetName=NetC18_B Pin=C18-B
Removed Pin From Net: NetName=GND Pin=C19-A
Removed Pin From Net: NetName=NetC19_B Pin=C19-B
Removed Pin From Net: NetName=GND Pin=C20-A
Removed Pin From Net: NetName=NetC20_B Pin=C20-B
Removed Pin From Net: NetName=GND Pin=C21-A
Removed Pin From Net: NetName=GND Pin=C22-A
Removed Pin From Net: NetName=NetC22_B Pin=C22-B
Removed Pin From Net: NetName=VCC Pin=D1-A
Removed Pin From Net: NetName=NetD1_B Pin=D1-B
Removed Pin From Net: NetName=VCC Pin=D2-A
Removed Pin From Net: NetName=NetD2_B Pin=D2-B
Removed Pin From Net: NetName=VCC Pin=D3-A
Removed Pin From Net: NetName=NetD3_B Pin=D3-B
Removed Pin From Net: NetName=NetD4_A Pin=D4-A
Removed Pin From Net: NetName=GND Pin=D4-B
Removed Pin From Net: NetName=NetD5_A Pin=D5-A
Removed Pin From Net: NetName=GND Pin=D5-B
Removed Pin From Net: NetName=+3V3 Pin=DS1-1
Removed Pin From Net: NetName=GND Pin=DS1-2
Removed Pin From Net: NetName=NetDS1_3 Pin=DS1-3
Removed Pin From Net: NetName=NetDS1_4 Pin=DS1-4
Removed Pin From Net: NetName=NetDS1_5 Pin=DS1-5
Removed Pin From Net: NetName=NetDS1_6 Pin=DS1-6
Removed Pin From Net: NetName=NetDS1_7 Pin=DS1-7
Removed Pin From Net: NetName=NetDS1_7 Pin=DS1-7
Removed Pin From Net: NetName=NetDS1_7 Pin=DS1-7
Removed Pin From Net: NetName=NetDS1_7 Pin=DS1-7
Removed Pin From Net: NetName=NetDS1_7 Pin=DS1-7
Removed Pin From Net: NetName=NetDS1_8 Pin=DS1-8
Removed Pin From Net: NetName=V_Bus Pin=FB2-A
Removed Pin From Net: NetName=VCC Pin=FB2-B
Removed Pin From Net: NetName=GND Pin=J1-A1
Removed Pin From Net: NetName=V_Bus Pin=J1-A4
Removed Pin From Net: NetName=NetJ1_A5 Pin=J1-A5
Removed Pin From Net: NetName=NetC10_B Pin=J1-A6
Removed Pin From Net: NetName=NetC9_B Pin=J1-A7
Removed Pin From Net: NetName=GND Pin=J1-B1
Removed Pin From Net: NetName=V_Bus Pin=J1-B4
Removed Pin From Net: NetName=NetJ1_B5 Pin=J1-B5
Removed Pin From Net: NetName=NetC10_B Pin=J1-B6
Removed Pin From Net: NetName=NetC9_B Pin=J1-B7
Removed Pin From Net: NetName=GND Pin=Q1-1
Removed Pin From Net: NetName=NetQ1_2 Pin=Q1-2
Removed Pin From Net: NetName=NetQ1_3 Pin=Q1-3
Removed Pin From Net: NetName=NetQ1_4 Pin=Q1-4
Removed Pin From Net: NetName=NetQ1_4 Pin=Q1-5
Removed Pin From Net: NetName=V_Bat Pin=Q1-6
Removed Pin From Net: NetName=NetD1_B Pin=R1-A
Removed Pin From Net: NetName=NetR1_B Pin=R1-B
Removed Pin From Net: NetName=NetR2_A Pin=R2-A
Removed Pin From Net: NetName=VCC Pin=R2-B
Removed Pin From Net: NetName=NetD2_B Pin=R3-A
Removed Pin From Net: NetName=NetR3_B Pin=R3-B
Removed Pin From Net: NetName=NetD3_B Pin=R4-A
Removed Pin From Net: NetName=NetR4_B Pin=R4-B
Removed Pin From Net: NetName=NetR5_A Pin=R5-A
Removed Pin From Net: NetName=GND Pin=R5-B
Removed Pin From Net: NetName=GND Pin=R6-A
Removed Pin From Net: NetName=NetR2_A Pin=R6-B
Removed Pin From Net: NetName=VCC Pin=R7-A
Removed Pin From Net: NetName=NetR7_B Pin=R7-B
Removed Pin From Net: NetName=NetR8_A Pin=R8-A
Removed Pin From Net: NetName=GND Pin=R8-B
Removed Pin From Net: NetName=NetR9_A Pin=R9-A
Removed Pin From Net: NetName=GND Pin=R9-B
Removed Pin From Net: NetName=VCC Pin=R10-A
Removed Pin From Net: NetName=NetR10_B Pin=R10-B
Removed Pin From Net: NetName=VCC Pin=R11-A
Removed Pin From Net: NetName=NetR11_B Pin=R11-B
Removed Pin From Net: NetName=V_Bat Pin=R12-A
Removed Pin From Net: NetName=NetQ1_4 Pin=R12-B
Removed Pin From Net: NetName=NetR13_A Pin=R13-A
Removed Pin From Net: NetName=NetQ1_3 Pin=R13-B
Removed Pin From Net: NetName=GND Pin=R14-A
Removed Pin From Net: NetName=NetR13_A Pin=R14-B
Removed Pin From Net: NetName=NetC9_B Pin=R15-A
Removed Pin From Net: NetName=NetR15_B Pin=R15-B
Removed Pin From Net: NetName=NetC10_B Pin=R16-A
Removed Pin From Net: NetName=NetR16_B Pin=R16-B
Removed Pin From Net: NetName=GND Pin=R17-A
Removed Pin From Net: NetName=NetJ1_B5 Pin=R17-B
Removed Pin From Net: NetName=GND Pin=R18-A
Removed Pin From Net: NetName=NetJ1_A5 Pin=R18-B
Removed Pin From Net: NetName=GND Pin=R19-A
Removed Pin From Net: NetName=+3V3 Pin=R20-A
Removed Pin From Net: NetName=NetC15_B Pin=R20-B
Removed Pin From Net: NetName=NetC16_B Pin=R21-A
Removed Pin From Net: NetName=NetC15_B Pin=R21-B
Removed Pin From Net: NetName=NetR22_A Pin=R22-A
Removed Pin From Net: NetName=NetD4_A Pin=R22-B
Removed Pin From Net: NetName=NetD5_A Pin=R23-A
Removed Pin From Net: NetName=NetR23_B Pin=R23-B
Removed Pin From Net: NetName=NetR24_A Pin=R24-A
Removed Pin From Net: NetName=NetC17_A Pin=R24-B
Removed Pin From Net: NetName=NetC18_B Pin=R25-A
Removed Pin From Net: NetName=NetC19_B Pin=R26-A
Removed Pin From Net: NetName=NetC20_B Pin=R27-A
Removed Pin From Net: NetName=NetC22_B Pin=R29-A
Removed Pin From Net: NetName=V_Charger Pin=S1-4
Removed Pin From Net: NetName=NetC4_B Pin=S1-5
Removed Pin From Net: NetName=GND Pin=SW1-A
Removed Pin From Net: NetName=GND Pin=SW1-A
Removed Pin From Net: NetName=NetC16_B Pin=SW1-B
Removed Pin From Net: NetName=NetC16_B Pin=SW1-B
Removed Pin From Net: NetName=NetC17_A Pin=SW2-A
Removed Pin From Net: NetName=NetC17_A Pin=SW2-A
Removed Pin From Net: NetName=GND Pin=SW2-B
Removed Pin From Net: NetName=GND Pin=SW2-B
Removed Pin From Net: NetName=GND Pin=SW3-A
Removed Pin From Net: NetName=GND Pin=SW3-A
Removed Pin From Net: NetName=NetC18_B Pin=SW3-B
Removed Pin From Net: NetName=NetC18_B Pin=SW3-B
Removed Pin From Net: NetName=GND Pin=SW4-A
Removed Pin From Net: NetName=GND Pin=SW4-A
Removed Pin From Net: NetName=NetC19_B Pin=SW4-B
Removed Pin From Net: NetName=NetC19_B Pin=SW4-B
Removed Pin From Net: NetName=GND Pin=SW5-A
Removed Pin From Net: NetName=GND Pin=SW5-A
Removed Pin From Net: NetName=NetC20_B Pin=SW5-B
Removed Pin From Net: NetName=NetC20_B Pin=SW5-B
Removed Pin From Net: NetName=GND Pin=SW6-A
Removed Pin From Net: NetName=GND Pin=SW6-A
Removed Pin From Net: NetName=GND Pin=SW7-A
Removed Pin From Net: NetName=GND Pin=SW7-A
Removed Pin From Net: NetName=NetC22_B Pin=SW7-B
Removed Pin From Net: NetName=NetC22_B Pin=SW7-B
Removed Pin From Net: NetName=V_Charger Pin=U1-1
Removed Pin From Net: NetName=NetR2_A Pin=U1-2
Removed Pin From Net: NetName=GND Pin=U1-3
Removed Pin From Net: NetName=NetR7_B Pin=U1-4
Removed Pin From Net: NetName=NetR9_A Pin=U1-5
Removed Pin From Net: NetName=NetR1_B Pin=U1-6
Removed Pin From Net: NetName=NetR3_B Pin=U1-7
Removed Pin From Net: NetName=NetR4_B Pin=U1-8
Removed Pin From Net: NetName=NetR10_B Pin=U1-9
Removed Pin From Net: NetName=GND Pin=U1-10
Removed Pin From Net: NetName=GND Pin=U1-11
Removed Pin From Net: NetName=NetR8_A Pin=U1-12
Removed Pin From Net: NetName=NetR5_A Pin=U1-13
Removed Pin From Net: NetName=V_Bat Pin=U1-14
Removed Pin From Net: NetName=V_Bat Pin=U1-15
Removed Pin From Net: NetName=V_Bat Pin=U1-16
Removed Pin From Net: NetName=NetR11_B Pin=U1-17
Removed Pin From Net: NetName=VCC Pin=U1-18
Removed Pin From Net: NetName=VCC Pin=U1-19
Removed Pin From Net: NetName=V_Charger Pin=U1-20
Removed Pin From Net: NetName=GND Pin=U1-21
Removed Pin From Net: NetName=GND Pin=U2-6
Removed Pin From Net: NetName=NetR16_B Pin=U2-11
Removed Pin From Net: NetName=NetR15_B Pin=U2-12
Removed Pin From Net: NetName=VCC Pin=U2-15
Removed Pin From Net: NetName=GND Pin=U2-16
Removed Pin From Net: NetName=NetC4_B Pin=U3-1
Removed Pin From Net: NetName=GND Pin=U3-2
Removed Pin From Net: NetName=NetC4_B Pin=U3-3
Removed Pin From Net: NetName=+3V3 Pin=U3-5
Removed Pin From Net: NetName=GND Pin=U4-1
Removed Pin From Net: NetName=+3V3 Pin=U4-2
Removed Pin From Net: NetName=NetC15_B Pin=U4-3
Removed Pin From Net: NetName=NetDS1_5 Pin=U4-18
Removed Pin From Net: NetName=NetDS1_3 Pin=U4-19
Removed Pin From Net: NetName=NetDS1_4 Pin=U4-20
Removed Pin From Net: NetName=NetR22_A Pin=U4-21
Removed Pin From Net: NetName=NetR23_B Pin=U4-22
Removed Pin From Net: NetName=NetDS1_8 Pin=U4-23
Removed Pin From Net: NetName=NetDS1_6 Pin=U4-24
Removed Pin From Net: NetName=NetDS1_7 Pin=U4-25
Removed Pin From Net: NetName=NetR24_A Pin=U4-27
Removed Pin From Net: NetName=NetR13_A Pin=U4-38
Removed Pin From Net: NetName=NetQ1_2 Pin=U4-39
Removed Pin From Net: NetName=GND Pin=U4-40
Removed Pin From Net: NetName=+3V3 Pin=U5-1
Removed Pin From Net: NetName=GND Pin=U5-2
Removed Member From Class: ClassName=Power Member=C6
Removed Member From Class: ClassName=Power Member=C7
Removed Member From Class: ClassName=Power Member=C8
Removed Member From Class: ClassName=Power Member=C9
Removed Member From Class: ClassName=Power Member=C10
Removed Member From Class: ClassName=Power Member=C11
Removed Member From Class: ClassName=Power Member=C12
Removed Member From Class: ClassName=Power Member=C13
Removed Member From Class: ClassName=Power Member=C14
Removed Member From Class: ClassName=Power Member=C15
Removed Member From Class: ClassName=Power Member=C16
Removed Member From Class: ClassName=Power Member=C17
Removed Member From Class: ClassName=Power Member=C18
Removed Member From Class: ClassName=Power Member=C19
Removed Member From Class: ClassName=Power Member=C20
Removed Member From Class: ClassName=Power Member=C21
Removed Member From Class: ClassName=Power Member=C22
Removed Member From Class: ClassName=Power Member=D4
Removed Member From Class: ClassName=Power Member=D5
Removed Member From Class: ClassName=Power Member=DS1
Removed Member From Class: ClassName=Power Member=FB2
Removed Member From Class: ClassName=Power Member=J1
Removed Member From Class: ClassName=Power Member=R15
Removed Member From Class: ClassName=Power Member=R16
Removed Member From Class: ClassName=Power Member=R17
Removed Member From Class: ClassName=Power Member=R18
Removed Member From Class: ClassName=Power Member=R19
Removed Member From Class: ClassName=Power Member=R20
Removed Member From Class: ClassName=Power Member=R21
Removed Member From Class: ClassName=Power Member=R22
Removed Member From Class: ClassName=Power Member=R23
Removed Member From Class: ClassName=Power Member=R24
Removed Member From Class: ClassName=Power Member=R25
Removed Member From Class: ClassName=Power Member=R26
Removed Member From Class: ClassName=Power Member=R27
Removed Member From Class: ClassName=Power Member=R28
Removed Member From Class: ClassName=Power Member=R29
Removed Member From Class: ClassName=Power Member=S1
Removed Member From Class: ClassName=Power Member=SW1
Removed Member From Class: ClassName=Power Member=SW2
Removed Member From Class: ClassName=Power Member=SW4
Removed Member From Class: ClassName=Power Member=SW5
Removed Member From Class: ClassName=Power Member=SW6
Removed Member From Class: ClassName=Power Member=SW7
Removed Member From Class: ClassName=Power Member=U2
Removed Member From Class: ClassName=Power Member=U4
Removed Member From Class: ClassName=Power Member=U5
Added Component: Designator=B1(battery)
Add component (AddParameter): Name = "Manufacturer"; Value = "batterikungen"; VariantName = "[No Variations]"
Add component (AddParameter): Name = "Manufacturer Part Number"; Value = "103040"; VariantName = "[No Variations]"
Add component (AddParameter): Name = "Supplier 1"; Value = "Batterikungen"; VariantName = "[No Variations]"
Add component (AddParameter): Name = "Supplier Part Number 1"; Value = "827-016"; VariantName = "[No Variations]"
Add component (AddParameter): Name = "Value"; Value = "1200mAh"; VariantName = "[No Variations]"
Added Component: Designator=C1(Capacitor 0603)
Add component (AddParameter): Name = "Manufacturer"; Value = "Samsung Electro-Mechanics"; VariantName = "[No Variations]"
Add component (AddParameter): Name = "Manufacturer Part Number"; Value = "CL10A475KP8NNNC"; VariantName = "[No Variations]"
Add component (AddParameter): Name = "Supplier 1"; Value = "Digikey"; VariantName = "[No Variations]"
Add component (AddParameter): Name = "Supplier Part Number 1"; Value = "1276-1044-1-ND"; VariantName = "[No Variations]"
Add component (AddParameter): Name = "Value"; Value = "4.7 µF"; VariantName = "[No Variations]"
Added Component: Designator=C2(Capacitor 0603)
Add component (AddParameter): Name = "Manufacturer"; Value = "Samsung Electro-Mechanics"; VariantName = "[No Variations]"
Add component (AddParameter): Name = "Manufacturer Part Number"; Value = "CL10A106MQ8NNNC"; VariantName = "[No Variations]"
Add component (AddParameter): Name = "Supplier 1"; Value = "Digikey"; VariantName = "[No Variations]"
Add component (AddParameter): Name = "Supplier Part Number 1"; Value = "1276-1119-1-ND"; VariantName = "[No Variations]"
Add component (AddParameter): Name = "Value"; Value = "10 µF"; VariantName = "[No Variations]"
Added Component: Designator=C3(Capacitor 0603)
Add component (AddParameter): Name = "Manufacturer"; Value = "Samsung Electro-Mechanics"; VariantName = "[No Variations]"
Add component (AddParameter): Name = "Manufacturer Part Number"; Value = "CL10A475KP8NNNC"; VariantName = "[No Variations]"
Add component (AddParameter): Name = "Supplier 1"; Value = "Digikey"; VariantName = "[No Variations]"
Add component (AddParameter): Name = "Supplier Part Number 1"; Value = "1276-1044-1-ND"; VariantName = "[No Variations]"
Add component (AddParameter): Name = "Value"; Value = "4.7 µF"; VariantName = "[No Variations]"
Added Component: Designator=C4(Capacitor 0603)
Add component (AddParameter): Name = "Manufacturer"; Value = "Samsung Electro-Mechanics"; VariantName = "[No Variations]"
Add component (AddParameter): Name = "Manufacturer Part Number"; Value = "CL10A475KP8NNNC"; VariantName = "[No Variations]"
Add component (AddParameter): Name = "Supplier 1"; Value = "Digikey"; VariantName = "[No Variations]"
Add component (AddParameter): Name = "Supplier Part Number 1"; Value = "1276-1044-1-ND"; VariantName = "[No Variations]"
Add component (AddParameter): Name = "Value"; Value = "4.7 µF"; VariantName = "[No Variations]"
Added Component: Designator=C5(Capacitor 0603)
Add component (AddParameter): Name = "Manufacturer"; Value = "Samsung Electro-Mechanics"; VariantName = "[No Variations]"
Add component (AddParameter): Name = "Manufacturer Part Number"; Value = "CL10A475KP8NNNC"; VariantName = "[No Variations]"
Add component (AddParameter): Name = "Supplier 1"; Value = "Digikey"; VariantName = "[No Variations]"
Add component (AddParameter): Name = "Supplier Part Number 1"; Value = "1276-1044-1-ND"; VariantName = "[No Variations]"
Add component (AddParameter): Name = "Value"; Value = "4.7 µF"; VariantName = "[No Variations]"
Added Component: Designator=C6(Capacitor 0603)
Add component (AddParameter): Name = "Manufacturer"; Value = "Samsung Electro-Mechanics"; VariantName = "[No Variations]"
Add component (AddParameter): Name = "Manufacturer Part Number"; Value = "CL10B104KB8NNWC"; VariantName = "[No Variations]"
Add component (AddParameter): Name = "Supplier 1"; Value = "Digikey"; VariantName = "[No Variations]"
Add component (AddParameter): Name = "Supplier Part Number 1"; Value = "1276-1935-1-ND"; VariantName = "[No Variations]"
Add component (AddParameter): Name = "Value"; Value = "0.1 µF"; VariantName = "[No Variations]"
Added Component: Designator=C7(Capacitor 0603)
Add component (AddParameter): Name = "Manufacturer"; Value = "Samsung Electro-Mechanics"; VariantName = "[No Variations]"
Add component (AddParameter): Name = "Manufacturer Part Number"; Value = "CL10B104KB8NNWC"; VariantName = "[No Variations]"
Add component (AddParameter): Name = "Supplier 1"; Value = "Digikey"; VariantName = "[No Variations]"
Add component (AddParameter): Name = "Supplier Part Number 1"; Value = "1276-1935-1-ND"; VariantName = "[No Variations]"
Add component (AddParameter): Name = "Value"; Value = "0.1 µF"; VariantName = "[No Variations]"
Added Component: Designator=C8(Capacitor 0603)
Add component (AddParameter): Name = "Manufacturer"; Value = "Samsung Electro-Mechanics"; VariantName = "[No Variations]"
Add component (AddParameter): Name = "Manufacturer Part Number"; Value = "CL10B104KB8NNWC"; VariantName = "[No Variations]"
Add component (AddParameter): Name = "Supplier 1"; Value = "Digikey"; VariantName = "[No Variations]"
Add component (AddParameter): Name = "Supplier Part Number 1"; Value = "1276-1935-1-ND"; VariantName = "[No Variations]"
Add component (AddParameter): Name = "Value"; Value = "0.1 µF"; VariantName = "[No Variations]"
Added Component: Designator=C9(Capacitor 0603)
Add component (AddParameter): Name = "Manufacturer"; Value = "Samsung Electro-Mechanics"; VariantName = "[No Variations]"
Add component (AddParameter): Name = "Manufacturer Part Number"; Value = "CL10B104KB8NNWC"; VariantName = "[No Variations]"
Add component (AddParameter): Name = "Supplier 1"; Value = "Digikey"; VariantName = "[No Variations]"
Add component (AddParameter): Name = "Supplier Part Number 1"; Value = "1276-1935-1-ND"; VariantName = "[No Variations]"
Add component (AddParameter): Name = "Value"; Value = "0.1 µF"; VariantName = "[No Variations]"
Added Component: Designator=C10(Capacitor 0603)
Add component (AddParameter): Name = "Manufacturer"; Value = "Samsung Electro-Mechanics"; VariantName = "[No Variations]"
Add component (AddParameter): Name = "Manufacturer Part Number"; Value = "CL10B104KB8NNWC"; VariantName = "[No Variations]"
Add component (AddParameter): Name = "Supplier 1"; Value = "Digikey"; VariantName = "[No Variations]"
Add component (AddParameter): Name = "Supplier Part Number 1"; Value = "1276-1935-1-ND"; VariantName = "[No Variations]"
Add component (AddParameter): Name = "Value"; Value = "0.1 µF"; VariantName = "[No Variations]"
Added Component: Designator=C11(Capacitor 0603)
Add component (AddParameter): Name = "Manufacturer"; Value = "Samsung Electro-Mechanics"; VariantName = "[No Variations]"
Add component (AddParameter): Name = "Manufacturer Part Number"; Value = "CL10B104KB8NNWC"; VariantName = "[No Variations]"
Add component (AddParameter): Name = "Supplier 1"; Value = "Digikey"; VariantName = "[No Variations]"
Add component (AddParameter): Name = "Supplier Part Number 1"; Value = "1276-1935-1-ND"; VariantName = "[No Variations]"
Add component (AddParameter): Name = "Value"; Value = "0.1 µF"; VariantName = "[No Variations]"
Added Component: Designator=C12(Capacitor 0603)
Add component (AddParameter): Name = "Manufacturer"; Value = "Samsung Electro-Mechanics"; VariantName = "[No Variations]"
Add component (AddParameter): Name = "Manufacturer Part Number"; Value = "CL10A475KP8NNNC"; VariantName = "[No Variations]"
Add component (AddParameter): Name = "Supplier 1"; Value = "Digikey"; VariantName = "[No Variations]"
Add component (AddParameter): Name = "Supplier Part Number 1"; Value = "1276-1044-1-ND"; VariantName = "[No Variations]"
Add component (AddParameter): Name = "Value"; Value = "4.7 µF"; VariantName = "[No Variations]"
Added Component: Designator=C13(Capacitor 0603)
Add component (AddParameter): Name = "Manufacturer"; Value = "Murata Electronics"; VariantName = "[No Variations]"
Add component (AddParameter): Name = "Manufacturer Part Number"; Value = "GRM188R60G226MEA0D"; VariantName = "[No Variations]"
Add component (AddParameter): Name = "Supplier 1"; Value = "Digikey"; VariantName = "[No Variations]"
Add component (AddParameter): Name = "Supplier Part Number 1"; Value = "490-5526-1-ND"; VariantName = "[No Variations]"
Add component (AddParameter): Name = "Value"; Value = "22 µF"; VariantName = "[No Variations]"
Added Component: Designator=C14(Capacitor 0603)
Add component (AddParameter): Name = "Manufacturer"; Value = "Samsung Electro-Mechanics"; VariantName = "[No Variations]"
Add component (AddParameter): Name = "Manufacturer Part Number"; Value = "CL10B104KB8NNWC"; VariantName = "[No Variations]"
Add component (AddParameter): Name = "Supplier 1"; Value = "Digikey"; VariantName = "[No Variations]"
Add component (AddParameter): Name = "Supplier Part Number 1"; Value = "1276-1935-1-ND"; VariantName = "[No Variations]"
Add component (AddParameter): Name = "Value"; Value = "0.1 µF"; VariantName = "[No Variations]"
Added Component: Designator=C15(Capacitor 0603)
Add component (AddParameter): Name = "Manufacturer"; Value = "Samsung Electro-Mechanics"; VariantName = "[No Variations]"
Add component (AddParameter): Name = "Manufacturer Part Number"; Value = "CL10A105KA8NNNC"; VariantName = "[No Variations]"
Add component (AddParameter): Name = "Supplier 1"; Value = "Digikey"; VariantName = "[No Variations]"
Add component (AddParameter): Name = "Supplier Part Number 1"; Value = "1276-1102-1-ND"; VariantName = "[No Variations]"
Add component (AddParameter): Name = "Value"; Value = "1 µF"; VariantName = "[No Variations]"
Added Component: Designator=C16(Capacitor 0603)
Add component (AddParameter): Name = "Manufacturer"; Value = "Samsung Electro-Mechanics"; VariantName = "[No Variations]"
Add component (AddParameter): Name = "Manufacturer Part Number"; Value = "CL10B104KB8NNWC"; VariantName = "[No Variations]"
Add component (AddParameter): Name = "Supplier 1"; Value = "Digikey"; VariantName = "[No Variations]"
Add component (AddParameter): Name = "Supplier Part Number 1"; Value = "1276-1935-1-ND"; VariantName = "[No Variations]"
Add component (AddParameter): Name = "Value"; Value = "0.1 µF"; VariantName = "[No Variations]"
Added Component: Designator=C17(Capacitor 0603)
Add component (AddParameter): Name = "Manufacturer"; Value = "Samsung Electro-Mechanics"; VariantName = "[No Variations]"
Add component (AddParameter): Name = "Manufacturer Part Number"; Value = "CL10B104KB8NNWC"; VariantName = "[No Variations]"
Add component (AddParameter): Name = "Supplier 1"; Value = "Digikey"; VariantName = "[No Variations]"
Add component (AddParameter): Name = "Supplier Part Number 1"; Value = "1276-1935-1-ND"; VariantName = "[No Variations]"
Add component (AddParameter): Name = "Value"; Value = "0.1 µF"; VariantName = "[No Variations]"
Added Component: Designator=C18(Capacitor 0603)
Add component (AddParameter): Name = "Manufacturer"; Value = "Walsin Technology Corporation"; VariantName = "[No Variations]"
Add component (AddParameter): Name = "Manufacturer Part Number"; Value = "0603N470J500CT"; VariantName = "[No Variations]"
Add component (AddParameter): Name = "Supplier 1"; Value = "Digikey"; VariantName = "[No Variations]"
Add component (AddParameter): Name = "Supplier Part Number 1"; Value = "1292-1528-1-ND"; VariantName = "[No Variations]"
Add component (AddParameter): Name = "Value"; Value = "47 pF"; VariantName = "[No Variations]"
Added Component: Designator=C19(Capacitor 0603)
Add component (AddParameter): Name = "Manufacturer"; Value = "Walsin Technology Corporation"; VariantName = "[No Variations]"
Add component (AddParameter): Name = "Manufacturer Part Number"; Value = "0603N470J500CT"; VariantName = "[No Variations]"
Add component (AddParameter): Name = "Supplier 1"; Value = "Digikey"; VariantName = "[No Variations]"
Add component (AddParameter): Name = "Supplier Part Number 1"; Value = "1292-1528-1-ND"; VariantName = "[No Variations]"
Add component (AddParameter): Name = "Value"; Value = "47 pF"; VariantName = "[No Variations]"
Added Component: Designator=C20(Capacitor 0603)
Add component (AddParameter): Name = "Manufacturer"; Value = "Samsung Electro-Mechanics"; VariantName = "[No Variations]"
Add component (AddParameter): Name = "Manufacturer Part Number"; Value = "CL10B104KB8NNWC"; VariantName = "[No Variations]"
Add component (AddParameter): Name = "Supplier 1"; Value = "Digikey"; VariantName = "[No Variations]"
Add component (AddParameter): Name = "Supplier Part Number 1"; Value = "1276-1935-1-ND"; VariantName = "[No Variations]"
Add component (AddParameter): Name = "Value"; Value = "0.1 µF"; VariantName = "[No Variations]"
Added Component: Designator=C21(Capacitor 0603)
Add component (AddParameter): Name = "Manufacturer"; Value = "Samsung Electro-Mechanics"; VariantName = "[No Variations]"
Add component (AddParameter): Name = "Manufacturer Part Number"; Value = "CL10B103KB8NNNC"; VariantName = "[No Variations]"
Add component (AddParameter): Name = "Supplier 1"; Value = "Digikey"; VariantName = "[No Variations]"
Add component (AddParameter): Name = "Supplier Part Number 1"; Value = "1276-1009-1-ND"; VariantName = "[No Variations]"
Add component (AddParameter): Name = "Value"; Value = "10 nF"; VariantName = "[No Variations]"
Added Component: Designator=C22(Capacitor 0603)
Add component (AddParameter): Name = "Manufacturer"; Value = "Samsung Electro-Mechanics"; VariantName = "[No Variations]"
Add component (AddParameter): Name = "Manufacturer Part Number"; Value = "CL10A475KP8NNNC"; VariantName = "[No Variations]"
Add component (AddParameter): Name = "Supplier 1"; Value = "Digikey"; VariantName = "[No Variations]"
Add component (AddParameter): Name = "Supplier Part Number 1"; Value = "1276-1044-1-ND"; VariantName = "[No Variations]"
Add component (AddParameter): Name = "Value"; Value = "4.7 µF"; VariantName = "[No Variations]"
Added Component: Designator=D1(LED 0603)
Add component (AddParameter): Name = "Manufacturer"; Value = "Lumex Opto/Components Inc."; VariantName = "[No Variations]"
Add component (AddParameter): Name = "Manufacturer Part Number"; Value = "SML-LXFT0603GC-TR"; VariantName = "[No Variations]"
Add component (AddParameter): Name = "Supplier 1"; Value = "Digikey"; VariantName = "[No Variations]"
Add component (AddParameter): Name = "Supplier Part Number 1"; Value = "67-SML-LXFT0603GC-TRCT-ND"; VariantName = "[No Variations]"
Add component (AddParameter): Name = "Value"; Value = "Green"; VariantName = "[No Variations]"
Added Component: Designator=D2(LED 0603)
Add component (AddParameter): Name = "Manufacturer"; Value = "Lite-On Inc."; VariantName = "[No Variations]"
Add component (AddParameter): Name = "Manufacturer Part Number"; Value = "LTST-C193TBKT-5A"; VariantName = "[No Variations]"
Add component (AddParameter): Name = "Supplier 1"; Value = "Digikey"; VariantName = "[No Variations]"
Add component (AddParameter): Name = "Supplier Part Number 1"; Value = "160-1827-1-ND"; VariantName = "[No Variations]"
Add component (AddParameter): Name = "Value"; Value = "Blue"; VariantName = "[No Variations]"
Added Component: Designator=D3(LED 0603)
Add component (AddParameter): Name = "Manufacturer"; Value = "Lite-On Inc."; VariantName = "[No Variations]"
Add component (AddParameter): Name = "Manufacturer Part Number"; Value = "LTST-C190KRKT"; VariantName = "[No Variations]"
Add component (AddParameter): Name = "Supplier 1"; Value = "Digikey"; VariantName = "[No Variations]"
Add component (AddParameter): Name = "Supplier Part Number 1"; Value = "160-1436-1-ND"; VariantName = "[No Variations]"
Add component (AddParameter): Name = "Value"; Value = "Red"; VariantName = "[No Variations]"
Added Component: Designator=D4(LED 0603)
Add component (AddParameter): Name = "Manufacturer"; Value = "Lumex Opto/Components Inc."; VariantName = "[No Variations]"
Add component (AddParameter): Name = "Manufacturer Part Number"; Value = "SML-LXFT0603GC-TR"; VariantName = "[No Variations]"
Add component (AddParameter): Name = "Supplier 1"; Value = "Digikey"; VariantName = "[No Variations]"
Add component (AddParameter): Name = "Supplier Part Number 1"; Value = "67-SML-LXFT0603GC-TRCT-ND"; VariantName = "[No Variations]"
Add component (AddParameter): Name = "Value"; Value = "Green"; VariantName = "[No Variations]"
Added Component: Designator=D5(LED 0603)
Add component (AddParameter): Name = "Manufacturer"; Value = "Lite-On Inc."; VariantName = "[No Variations]"
Add component (AddParameter): Name = "Manufacturer Part Number"; Value = "LTST-C193TBKT-5A"; VariantName = "[No Variations]"
Add component (AddParameter): Name = "Supplier 1"; Value = "Digikey"; VariantName = "[No Variations]"
Add component (AddParameter): Name = "Supplier Part Number 1"; Value = "160-1827-1-ND"; VariantName = "[No Variations]"
Add component (AddParameter): Name = "Value"; Value = "Blue"; VariantName = "[No Variations]"
Added Component: Designator=DS1(Screen)
Add component (AddParameter): Name = "Manufacturer"; Value = "FTDI, Future Technology Devices International Ltd"; VariantName = "[No Variations]"
Add component (AddParameter): Name = "Manufacturer Part Number"; Value = "FT231XS-R"; VariantName = "[No Variations]"
Add component (AddParameter): Name = "Supplier 1"; Value = "Waveshare"; VariantName = "[No Variations]"
Add component (AddParameter): Name = "Supplier Part Number 1"; Value = "768-1129-1-ND"; VariantName = "[No Variations]"
Added Component: Designator=FB1(Ferrite Bead 0603)
Add component (AddParameter): Name = "Manufacturer"; Value = "Murata Electronics"; VariantName = "[No Variations]"
Add component (AddParameter): Name = "Manufacturer Part Number"; Value = "BLM18AG601SN1D"; VariantName = "[No Variations]"
Add component (AddParameter): Name = "Supplier 1"; Value = "Digikey"; VariantName = "[No Variations]"
Add component (AddParameter): Name = "Supplier Part Number 1"; Value = "490-1014-1-ND"; VariantName = "[No Variations]"
Add component (AddParameter): Name = "Value"; Value = "0.6kO"; VariantName = "[No Variations]"
Added Component: Designator=J1(USB4105-GF-A)
Add component (AddParameter): Name = "Manufacturer"; Value = "GCT"; VariantName = "[No Variations]"
Add component (AddParameter): Name = "Manufacturer Part Number"; Value = "USB4105-GF-A"; VariantName = "[No Variations]"
Add component (AddParameter): Name = "Supplier 1"; Value = "Digikey"; VariantName = "[No Variations]"
Add component (AddParameter): Name = "Supplier Part Number 1"; Value = "2073-USB4105-GF-ACT-ND"; VariantName = "[No Variations]"
Added Component: Designator=Q1(MOSFET N/P-CH)
Add component (AddParameter): Name = "Manufacturer"; Value = "Diodes Incorporated"; VariantName = "[No Variations]"
Add component (AddParameter): Name = "Manufacturer Part Number"; Value = "DMC2400UV-7"; VariantName = "[No Variations]"
Add component (AddParameter): Name = "Supplier 1"; Value = "Digikey"; VariantName = "[No Variations]"
Add component (AddParameter): Name = "Supplier Part Number 1"; Value = "DMC2400UV-7DICT-ND"; VariantName = "[No Variations]"
Added Component: Designator=R1(Resistor 0603)
Add component (AddParameter): Name = "Manufacturer"; Value = "Stackpole Electronics Inc"; VariantName = "[No Variations]"
Add component (AddParameter): Name = "Manufacturer Part Number"; Value = "RMCF0603FT470R"; VariantName = "[No Variations]"
Add component (AddParameter): Name = "Supplier 1"; Value = "Digikey"; VariantName = "[No Variations]"
Add component (AddParameter): Name = "Supplier Part Number 1"; Value = "RMCF0603FT470RCT-ND"; VariantName = "[No Variations]"
Add component (AddParameter): Name = "Value"; Value = "0.47kO"; VariantName = "[No Variations]"
Added Component: Designator=R2(Resistor 0603)
Add component (AddParameter): Name = "Manufacturer"; Value = "YAGEO"; VariantName = "[No Variations]"
Add component (AddParameter): Name = "Manufacturer Part Number"; Value = "RC0603JR-07330KL"; VariantName = "[No Variations]"
Add component (AddParameter): Name = "Supplier 1"; Value = "Digikey"; VariantName = "[No Variations]"
Add component (AddParameter): Name = "Supplier Part Number 1"; Value = "311-330KGRCT-ND"; VariantName = "[No Variations]"
Add component (AddParameter): Name = "Value"; Value = "330kO"; VariantName = "[No Variations]"
Added Component: Designator=R3(Resistor 0603)
Add component (AddParameter): Name = "Manufacturer"; Value = "Stackpole Electronics Inc"; VariantName = "[No Variations]"
Add component (AddParameter): Name = "Manufacturer Part Number"; Value = "RMCF0603FT470R"; VariantName = "[No Variations]"
Add component (AddParameter): Name = "Supplier 1"; Value = "Digikey"; VariantName = "[No Variations]"
Add component (AddParameter): Name = "Supplier Part Number 1"; Value = "RMCF0603FT470RCT-ND"; VariantName = "[No Variations]"
Add component (AddParameter): Name = "Value"; Value = "0.47kO"; VariantName = "[No Variations]"
Added Component: Designator=R4(Resistor 0603)
Add component (AddParameter): Name = "Manufacturer"; Value = "Stackpole Electronics Inc"; VariantName = "[No Variations]"
Add component (AddParameter): Name = "Manufacturer Part Number"; Value = "RMCF0603FT470R"; VariantName = "[No Variations]"
Add component (AddParameter): Name = "Supplier 1"; Value = "Digikey"; VariantName = "[No Variations]"
Add component (AddParameter): Name = "Supplier Part Number 1"; Value = "RMCF0603FT470RCT-ND"; VariantName = "[No Variations]"
Add component (AddParameter): Name = "Value"; Value = "0.47kO"; VariantName = "[No Variations]"
Added Component: Designator=R5(Resistor 0603)
Add component (AddParameter): Name = "Manufacturer"; Value = "Stackpole Electronics Inc"; VariantName = "[No Variations]"
Add component (AddParameter): Name = "Manufacturer Part Number"; Value = "RMCF0603FT4K70"; VariantName = "[No Variations]"
Add component (AddParameter): Name = "Supplier 1"; Value = "Digikey"; VariantName = "[No Variations]"
Add component (AddParameter): Name = "Supplier Part Number 1"; Value = "RMCF0603FT4K70CT-ND"; VariantName = "[No Variations]"
Add component (AddParameter): Name = "Value"; Value = "4.7kO"; VariantName = "[No Variations]"
Added Component: Designator=R6(Resistor 0603)
Add component (AddParameter): Name = "Manufacturer"; Value = "Stackpole Electronics Inc"; VariantName = "[No Variations]"
Add component (AddParameter): Name = "Manufacturer Part Number"; Value = "RMCF0603FT110K"; VariantName = "[No Variations]"
Add component (AddParameter): Name = "Supplier 1"; Value = "Digikey"; VariantName = "[No Variations]"
Add component (AddParameter): Name = "Supplier Part Number 1"; Value = "RMCF0603FT110KCT-ND"; VariantName = "[No Variations]"
Add component (AddParameter): Name = "Value"; Value = "110kO"; VariantName = "[No Variations]"
Added Component: Designator=R7(Resistor 0603)
Add component (AddParameter): Name = "Manufacturer"; Value = "Stackpole Electronics Inc"; VariantName = "[No Variations]"
Add component (AddParameter): Name = "Manufacturer Part Number"; Value = "RMCF0603FT4K70"; VariantName = "[No Variations]"
Add component (AddParameter): Name = "Supplier 1"; Value = "Digikey"; VariantName = "[No Variations]"
Add component (AddParameter): Name = "Supplier Part Number 1"; Value = "RMCF0603FT4K70CT-ND"; VariantName = "[No Variations]"
Add component (AddParameter): Name = "Value"; Value = "4.7kO"; VariantName = "[No Variations]"
Added Component: Designator=R8(Resistor 0603)
Add component (AddParameter): Name = "Manufacturer"; Value = "Stackpole Electronics Inc"; VariantName = "[No Variations]"
Add component (AddParameter): Name = "Manufacturer Part Number"; Value = "RMCF0603FT100K"; VariantName = "[No Variations]"
Add component (AddParameter): Name = "Supplier 1"; Value = "Digikey"; VariantName = "[No Variations]"
Add component (AddParameter): Name = "Supplier Part Number 1"; Value = "RMCF0603FT100KCT-ND"; VariantName = "[No Variations]"
Add component (AddParameter): Name = "Value"; Value = "100kO"; VariantName = "[No Variations]"
Added Component: Designator=R9(Thermistor 0603)
Add component (AddParameter): Name = "Manufacturer"; Value = "Panasonic Electronic Components"; VariantName = "[No Variations]"
Add component (AddParameter): Name = "Manufacturer Part Number"; Value = "ERT-J1VR103J"; VariantName = "[No Variations]"
Add component (AddParameter): Name = "Supplier 1"; Value = "Digikey"; VariantName = "[No Variations]"
Add component (AddParameter): Name = "Supplier Part Number 1"; Value = "P10547CT-ND"; VariantName = "[No Variations]"
Add component (AddParameter): Name = "Value"; Value = "10kO"; VariantName = "[No Variations]"
Added Component: Designator=R10(Resistor 0603)
Add component (AddParameter): Name = "Manufacturer"; Value = "Stackpole Electronics Inc"; VariantName = "[No Variations]"
Add component (AddParameter): Name = "Manufacturer Part Number"; Value = "RMCF0603FT4K70"; VariantName = "[No Variations]"
Add component (AddParameter): Name = "Supplier 1"; Value = "Digikey"; VariantName = "[No Variations]"
Add component (AddParameter): Name = "Supplier Part Number 1"; Value = "RMCF0603FT4K70CT-ND"; VariantName = "[No Variations]"
Add component (AddParameter): Name = "Value"; Value = "4.7kO"; VariantName = "[No Variations]"
Added Component: Designator=R11(Resistor 0603)
Add component (AddParameter): Name = "Manufacturer"; Value = "Stackpole Electronics Inc"; VariantName = "[No Variations]"
Add component (AddParameter): Name = "Manufacturer Part Number"; Value = "RMCF0603FT4K70"; VariantName = "[No Variations]"
Add component (AddParameter): Name = "Supplier 1"; Value = "Digikey"; VariantName = "[No Variations]"
Add component (AddParameter): Name = "Supplier Part Number 1"; Value = "RMCF0603FT4K70CT-ND"; VariantName = "[No Variations]"
Add component (AddParameter): Name = "Value"; Value = "4.7kO"; VariantName = "[No Variations]"
Added Component: Designator=R12(Resistor 0603)
Add component (AddParameter): Name = "Manufacturer"; Value = "Stackpole Electronics Inc"; VariantName = "[No Variations]"
Add component (AddParameter): Name = "Manufacturer Part Number"; Value = "RMCF0603FT110K"; VariantName = "[No Variations]"
Add component (AddParameter): Name = "Supplier 1"; Value = "Digikey"; VariantName = "[No Variations]"
Add component (AddParameter): Name = "Supplier Part Number 1"; Value = "RMCF0603FT110KCT-ND"; VariantName = "[No Variations]"
Add component (AddParameter): Name = "Value"; Value = "110kO"; VariantName = "[No Variations]"
Added Component: Designator=R13(Resistor 0603)
Add component (AddParameter): Name = "Manufacturer"; Value = "YAGEO"; VariantName = "[No Variations]"
Add component (AddParameter): Name = "Manufacturer Part Number"; Value = "RC0603FR-0730KL"; VariantName = "[No Variations]"
Add component (AddParameter): Name = "Supplier 1"; Value = "Digikey"; VariantName = "[No Variations]"
Add component (AddParameter): Name = "Supplier Part Number 1"; Value = "311-30.0KHRCT-ND"; VariantName = "[No Variations]"
Add component (AddParameter): Name = "Value"; Value = "30kO"; VariantName = "[No Variations]"
Added Component: Designator=R14(Resistor 0603)
Add component (AddParameter): Name = "Manufacturer"; Value = "Stackpole Electronics Inc"; VariantName = "[No Variations]"
Add component (AddParameter): Name = "Manufacturer Part Number"; Value = "RMCF0603FT110K"; VariantName = "[No Variations]"
Add component (AddParameter): Name = "Supplier 1"; Value = "Digikey"; VariantName = "[No Variations]"
Add component (AddParameter): Name = "Supplier Part Number 1"; Value = "RMCF0603FT110KCT-ND"; VariantName = "[No Variations]"
Add component (AddParameter): Name = "Value"; Value = "110kO"; VariantName = "[No Variations]"
Added Component: Designator=R15(Resistor 0603)
Add component (AddParameter): Name = "Manufacturer"; Value = "Stackpole Electronics Inc"; VariantName = "[No Variations]"
Add component (AddParameter): Name = "Manufacturer Part Number"; Value = "RMCF0603ZT0R00"; VariantName = "[No Variations]"
Add component (AddParameter): Name = "Supplier 1"; Value = "Digikey"; VariantName = "[No Variations]"
Add component (AddParameter): Name = "Supplier Part Number 1"; Value = "RMCF0603ZT0R00CT-ND"; VariantName = "[No Variations]"
Add component (AddParameter): Name = "Value"; Value = "0 O"; VariantName = "[No Variations]"
Added Component: Designator=R16(Resistor 0603)
Add component (AddParameter): Name = "Manufacturer"; Value = "Stackpole Electronics Inc"; VariantName = "[No Variations]"
Add component (AddParameter): Name = "Manufacturer Part Number"; Value = "RMCF0603ZT0R00"; VariantName = "[No Variations]"
Add component (AddParameter): Name = "Supplier 1"; Value = "Digikey"; VariantName = "[No Variations]"
Add component (AddParameter): Name = "Supplier Part Number 1"; Value = "RMCF0603ZT0R00CT-ND"; VariantName = "[No Variations]"
Add component (AddParameter): Name = "Value"; Value = "0 O"; VariantName = "[No Variations]"
Added Component: Designator=R17(Resistor 0603)
Add component (AddParameter): Name = "Manufacturer"; Value = "Stackpole Electronics Inc"; VariantName = "[No Variations]"
Add component (AddParameter): Name = "Manufacturer Part Number"; Value = "RMCF0603ZT0R00"; VariantName = "[No Variations]"
Add component (AddParameter): Name = "Supplier 1"; Value = "Digikey"; VariantName = "[No Variations]"
Add component (AddParameter): Name = "Supplier Part Number 1"; Value = "RMCF0603ZT0R00CT-ND"; VariantName = "[No Variations]"
Add component (AddParameter): Name = "Value"; Value = "0 O"; VariantName = "[No Variations]"
Added Component: Designator=R18(Resistor 0603)
Add component (AddParameter): Name = "Manufacturer"; Value = "Stackpole Electronics Inc"; VariantName = "[No Variations]"
Add component (AddParameter): Name = "Manufacturer Part Number"; Value = "RMCF0603ZT0R00"; VariantName = "[No Variations]"
Add component (AddParameter): Name = "Supplier 1"; Value = "Digikey"; VariantName = "[No Variations]"
Add component (AddParameter): Name = "Supplier Part Number 1"; Value = "RMCF0603ZT0R00CT-ND"; VariantName = "[No Variations]"
Add component (AddParameter): Name = "Value"; Value = "0 O"; VariantName = "[No Variations]"
Added Component: Designator=R19(Resistor 0603)
Add component (AddParameter): Name = "Manufacturer"; Value = "Stackpole Electronics Inc"; VariantName = "[No Variations]"
Add component (AddParameter): Name = "Manufacturer Part Number"; Value = "RMCF0603ZT0R00"; VariantName = "[No Variations]"
Add component (AddParameter): Name = "Supplier 1"; Value = "Digikey"; VariantName = "[No Variations]"
Add component (AddParameter): Name = "Supplier Part Number 1"; Value = "RMCF0603ZT0R00CT-ND"; VariantName = "[No Variations]"
Add component (AddParameter): Name = "Value"; Value = "0 O"; VariantName = "[No Variations]"
Added Component: Designator=R20(Resistor 0603)
Add component (AddParameter): Name = "Manufacturer"; Value = "Stackpole Electronics Inc"; VariantName = "[No Variations]"
Add component (AddParameter): Name = "Manufacturer Part Number"; Value = "RMCF0603FT10K0"; VariantName = "[No Variations]"
Add component (AddParameter): Name = "Supplier 1"; Value = "Digikey"; VariantName = "[No Variations]"
Add component (AddParameter): Name = "Supplier Part Number 1"; Value = "RMCF0603FT10K0CT-ND"; VariantName = "[No Variations]"
Add component (AddParameter): Name = "Value"; Value = "10kO"; VariantName = "[No Variations]"
Added Component: Designator=R21(Resistor 0603)
Add component (AddParameter): Name = "Manufacturer"; Value = "Stackpole Electronics Inc"; VariantName = "[No Variations]"
Add component (AddParameter): Name = "Manufacturer Part Number"; Value = "RMCF0603ZT0R00"; VariantName = "[No Variations]"
Add component (AddParameter): Name = "Supplier 1"; Value = "Digikey"; VariantName = "[No Variations]"
Add component (AddParameter): Name = "Supplier Part Number 1"; Value = "RMCF0603ZT0R00CT-ND"; VariantName = "[No Variations]"
Add component (AddParameter): Name = "Value"; Value = "0 O"; VariantName = "[No Variations]"
Added Component: Designator=R22(Resistor 0603)
Add component (AddParameter): Name = "Manufacturer"; Value = "Vishay Dale"; VariantName = "[No Variations]"
Add component (AddParameter): Name = "Manufacturer Part Number"; Value = "CRCW060350R0FKEA"; VariantName = "[No Variations]"
Add component (AddParameter): Name = "Supplier 1"; Value = "Digikey"; VariantName = "[No Variations]"
Add component (AddParameter): Name = "Supplier Part Number 1"; Value = "541-3318-1-ND"; VariantName = "[No Variations]"
Add component (AddParameter): Name = "Value"; Value = "50 O"; VariantName = "[No Variations]"
Added Component: Designator=R23(Resistor 0603)
Add component (AddParameter): Name = "Manufacturer"; Value = "Vishay Dale"; VariantName = "[No Variations]"
Add component (AddParameter): Name = "Manufacturer Part Number"; Value = "CRCW060350R0FKEA"; VariantName = "[No Variations]"
Add component (AddParameter): Name = "Supplier 1"; Value = "Digikey"; VariantName = "[No Variations]"
Add component (AddParameter): Name = "Supplier Part Number 1"; Value = "541-3318-1-ND"; VariantName = "[No Variations]"
Add component (AddParameter): Name = "Value"; Value = "50 O"; VariantName = "[No Variations]"
Added Component: Designator=R24(Resistor 0603)
Add component (AddParameter): Name = "Manufacturer"; Value = "Stackpole Electronics Inc"; VariantName = "[No Variations]"
Add component (AddParameter): Name = "Manufacturer Part Number"; Value = "RMCF0603ZT0R00"; VariantName = "[No Variations]"
Add component (AddParameter): Name = "Supplier 1"; Value = "Digikey"; VariantName = "[No Variations]"
Add component (AddParameter): Name = "Supplier Part Number 1"; Value = "RMCF0603ZT0R00CT-ND"; VariantName = "[No Variations]"
Add component (AddParameter): Name = "Value"; Value = "0 O"; VariantName = "[No Variations]"
Added Component: Designator=R25(Resistor bridge)
Add component (AddParameter): Name = "Manufacturer"; Value = "Stackpole Electronics Inc"; VariantName = "[No Variations]"
Add component (AddParameter): Name = "Manufacturer Part Number"; Value = "RMCF0603FT27R0"; VariantName = "[No Variations]"
Add component (AddParameter): Name = "Supplier 1"; Value = "Digikey"; VariantName = "[No Variations]"
Add component (AddParameter): Name = "Supplier Part Number 1"; Value = "RMCF0603FT27R0CT-ND"; VariantName = "[No Variations]"
Add component (AddParameter): Name = "Value"; Value = "27O"; VariantName = "[No Variations]"
Added Component: Designator=R26(Resistor bridge)
Add component (AddParameter): Name = "Manufacturer"; Value = "Stackpole Electronics Inc"; VariantName = "[No Variations]"
Add component (AddParameter): Name = "Manufacturer Part Number"; Value = "RMCF0603FT27R0"; VariantName = "[No Variations]"
Add component (AddParameter): Name = "Supplier 1"; Value = "Digikey"; VariantName = "[No Variations]"
Add component (AddParameter): Name = "Supplier Part Number 1"; Value = "RMCF0603FT27R0CT-ND"; VariantName = "[No Variations]"
Add component (AddParameter): Name = "Value"; Value = "27O"; VariantName = "[No Variations]"
Added Component: Designator=R27(Resistor 0603)
Add component (AddParameter): Name = "Manufacturer"; Value = "Stackpole Electronics IncStackpole Electronics Inc"; VariantName = "[No Variations]"
Add component (AddParameter): Name = "Manufacturer Part Number"; Value = "RMCF0603FT5K10"; VariantName = "[No Variations]"
Add component (AddParameter): Name = "Supplier 1"; Value = "Digikey"; VariantName = "[No Variations]"
Add component (AddParameter): Name = "Supplier Part Number 1"; Value = "RMCF0603FT5K10CT-ND"; VariantName = "[No Variations]"
Add component (AddParameter): Name = "Value"; Value = "5.1kO"; VariantName = "[No Variations]"
Added Component: Designator=R28(Resistor 0603)
Add component (AddParameter): Name = "Manufacturer"; Value = "Stackpole Electronics IncStackpole Electronics Inc"; VariantName = "[No Variations]"
Add component (AddParameter): Name = "Manufacturer Part Number"; Value = "RMCF0603FT5K10"; VariantName = "[No Variations]"
Add component (AddParameter): Name = "Supplier 1"; Value = "Digikey"; VariantName = "[No Variations]"
Add component (AddParameter): Name = "Supplier Part Number 1"; Value = "RMCF0603FT5K10CT-ND"; VariantName = "[No Variations]"
Add component (AddParameter): Name = "Value"; Value = "5.1kO"; VariantName = "[No Variations]"
Added Component: Designator=R29(Resistor 0603)
Add component (AddParameter): Name = "Manufacturer"; Value = "Stackpole Electronics Inc"; VariantName = "[No Variations]"
Add component (AddParameter): Name = "Manufacturer Part Number"; Value = "RMCF0603FT100K"; VariantName = "[No Variations]"
Add component (AddParameter): Name = "Supplier 1"; Value = "Digikey"; VariantName = "[No Variations]"
Add component (AddParameter): Name = "Supplier Part Number 1"; Value = "RMCF0603FT100KCT-ND"; VariantName = "[No Variations]"
Add component (AddParameter): Name = "Value"; Value = "100kO"; VariantName = "[No Variations]"
Added Component: Designator=SW1(R-667843)
Add component (AddParameter): Name = "Manufacturer"; Value = "Mitsumi Electric Company Ltd"; VariantName = "[No Variations]"
Add component (AddParameter): Name = "Manufacturer Part Number"; Value = "R-667843"; VariantName = "[No Variations]"
Add component (AddParameter): Name = "Supplier 1"; Value = "Digikey"; VariantName = "[No Variations]"
Add component (AddParameter): Name = "Supplier Part Number 1"; Value = "2508-R-667843CT-ND"; VariantName = "[No Variations]"
Added Component: Designator=SW2(R-667843)
Add component (AddParameter): Name = "Manufacturer"; Value = "Mitsumi Electric Company Ltd"; VariantName = "[No Variations]"
Add component (AddParameter): Name = "Manufacturer Part Number"; Value = "R-667843"; VariantName = "[No Variations]"
Add component (AddParameter): Name = "Supplier 1"; Value = "Digikey"; VariantName = "[No Variations]"
Add component (AddParameter): Name = "Supplier Part Number 1"; Value = "2508-R-667843CT-ND"; VariantName = "[No Variations]"
Added Component: Designator=SW3(JS202011SCQN)
Add component (AddParameter): Name = "Manufacturer"; Value = "C&K"; VariantName = "[No Variations]"
Add component (AddParameter): Name = "Manufacturer Part Number"; Value = "JS202011SCQN"; VariantName = "[No Variations]"
Add component (AddParameter): Name = "Supplier 1"; Value = "Digikey"; VariantName = "[No Variations]"
Add component (AddParameter): Name = "Supplier Part Number 1"; Value = "401-2002-1-ND"; VariantName = "[No Variations]"
Added Component: Designator=SW4(R-667843)
Add component (AddParameter): Name = "Manufacturer"; Value = "Mitsumi Electric Company Ltd"; VariantName = "[No Variations]"
Add component (AddParameter): Name = "Manufacturer Part Number"; Value = "R-667843"; VariantName = "[No Variations]"
Add component (AddParameter): Name = "Supplier 1"; Value = "Digikey"; VariantName = "[No Variations]"
Add component (AddParameter): Name = "Supplier Part Number 1"; Value = "2508-R-667843CT-ND"; VariantName = "[No Variations]"
Added Component: Designator=SW5(R-667843)
Add component (AddParameter): Name = "Manufacturer"; Value = "Mitsumi Electric Company Ltd"; VariantName = "[No Variations]"
Add component (AddParameter): Name = "Manufacturer Part Number"; Value = "R-667843"; VariantName = "[No Variations]"
Add component (AddParameter): Name = "Supplier 1"; Value = "Digikey"; VariantName = "[No Variations]"
Add component (AddParameter): Name = "Supplier Part Number 1"; Value = "2508-R-667843CT-ND"; VariantName = "[No Variations]"
Added Component: Designator=SW6(R-667843)
Add component (AddParameter): Name = "Manufacturer"; Value = "Mitsumi Electric Company Ltd"; VariantName = "[No Variations]"
Add component (AddParameter): Name = "Manufacturer Part Number"; Value = "R-667843"; VariantName = "[No Variations]"
Add component (AddParameter): Name = "Supplier 1"; Value = "Digikey"; VariantName = "[No Variations]"
Add component (AddParameter): Name = "Supplier Part Number 1"; Value = "2508-R-667843CT-ND"; VariantName = "[No Variations]"
Added Component: Designator=SW7(R-667843)
Add component (AddParameter): Name = "Manufacturer"; Value = "Mitsumi Electric Company Ltd"; VariantName = "[No Variations]"
Add component (AddParameter): Name = "Manufacturer Part Number"; Value = "R-667843"; VariantName = "[No Variations]"
Add component (AddParameter): Name = "Supplier 1"; Value = "Digikey"; VariantName = "[No Variations]"
Add component (AddParameter): Name = "Supplier Part Number 1"; Value = "2508-R-667843CT-ND"; VariantName = "[No Variations]"
Added Component: Designator=SW8(R-667843)
Add component (AddParameter): Name = "Manufacturer"; Value = "Mitsumi Electric Company Ltd"; VariantName = "[No Variations]"
Add component (AddParameter): Name = "Manufacturer Part Number"; Value = "R-667843"; VariantName = "[No Variations]"
Add component (AddParameter): Name = "Supplier 1"; Value = "Digikey"; VariantName = "[No Variations]"
Add component (AddParameter): Name = "Supplier Part Number 1"; Value = "2508-R-667843CT-ND"; VariantName = "[No Variations]"
Added Component: Designator=U1(MCP73871)
Add component (AddParameter): Name = "Manufacturer"; Value = "Microchip Technology"; VariantName = "[No Variations]"
Add component (AddParameter): Name = "Manufacturer Part Number"; Value = "MCP73871T-2CCI/ML"; VariantName = "[No Variations]"
Add component (AddParameter): Name = "Supplier 1"; Value = "Digikey"; VariantName = "[No Variations]"
Add component (AddParameter): Name = "Supplier Part Number 1"; Value = "MCP73871T-2CCI/MLDKR-ND"; VariantName = "[No Variations]"
Added Component: Designator=U2(ESP32-C3-WROOM-1)
Add component (AddParameter): Name = "Manufacturer"; Value = "Espressif Systems"; VariantName = "[No Variations]"
Add component (AddParameter): Name = "Manufacturer Part Number"; Value = "ESP32-S3-WROOM-1-N16"; VariantName = "[No Variations]"
Add component (AddParameter): Name = "Supplier 1"; Value = "Digikey"; VariantName = "[No Variations]"
Add component (AddParameter): Name = "Supplier Part Number 1"; Value = "1965-ESP32-S3-WROOM-1-N16CT-ND"; VariantName = "[No Variations]"
Added Component: Designator=U3(TLV75533PDBVR)
Add component (AddParameter): Name = "Manufacturer"; Value = "Texas Instruments"; VariantName = "[No Variations]"
Add component (AddParameter): Name = "Manufacturer Part Number"; Value = "TLV75533PDBVR"; VariantName = "[No Variations]"
Add component (AddParameter): Name = "Supplier 1"; Value = "Digikey"; VariantName = "[No Variations]"
Add component (AddParameter): Name = "Supplier Part Number 1"; Value = "296-50411-1-ND"; VariantName = "[No Variations]"
Added Component: Designator=U4(GY-9250)
Add component (AddParameter): Name = "Manufacturer"; Value = "YUMILI"; VariantName = "[No Variations]"
Add component (AddParameter): Name = "Manufacturer Part Number"; Value = "YUMILI1otydzvg2c"; VariantName = "[No Variations]"
Add component (AddParameter): Name = "Supplier 1"; Value = "Amazon"; VariantName = "[No Variations]"
Add component (AddParameter): Name = "Supplier Part Number 1"; Value = "B09XZQNQBV"; VariantName = "[No Variations]"
Added Component: Designator=U5(FT231XS-R)
Add component (AddParameter): Name = "Manufacturer"; Value = "FTDI, Future Technology Devices International Ltd"; VariantName = "[No Variations]"
Add component (AddParameter): Name = "Manufacturer Part Number"; Value = "FT231XS-R"; VariantName = "[No Variations]"
Add component (AddParameter): Name = "Supplier 1"; Value = "Digikey"; VariantName = "[No Variations]"
Add component (AddParameter): Name = "Supplier Part Number 1"; Value = "768-1129-1-ND"; VariantName = "[No Variations]"
Added Pin To Net: NetName=V_Bat Pin=B1-+
Added Pin To Net: NetName=GND Pin=B1--
Added Pin To Net: NetName=GND Pin=C1-A
Added Pin To Net: NetName=V_Charger Pin=C1-B
Added Pin To Net: NetName=GND Pin=C2-A
Added Pin To Net: NetName=VCC Pin=C2-B
Added Pin To Net: NetName=V_Bat Pin=C3-A
Added Pin To Net: NetName=GND Pin=C3-B
Added Pin To Net: NetName=GND Pin=C4-A
Added Pin To Net: NetName=NetC4_B Pin=C4-B
Added Pin To Net: NetName=+3V3 Pin=C5-A
Added Pin To Net: NetName=GND Pin=C5-B
Added Pin To Net: NetName=GND Pin=C6-A
Added Pin To Net: NetName=GND Pin=C7-A
Added Pin To Net: NetName=GND Pin=C8-A
Added Pin To Net: NetName=GND Pin=C9-A
Added Pin To Net: NetName=NetC9_B Pin=C9-B
Added Pin To Net: NetName=GND Pin=C10-A
Added Pin To Net: NetName=NetC10_B Pin=C10-B
Added Pin To Net: NetName=GND Pin=C11-A
Added Pin To Net: NetName=GND Pin=C12-A
Added Pin To Net: NetName=GND Pin=C13-A
Added Pin To Net: NetName=+3V3 Pin=C13-B
Added Pin To Net: NetName=GND Pin=C14-A
Added Pin To Net: NetName=+3V3 Pin=C14-B
Added Pin To Net: NetName=GND Pin=C15-A
Added Pin To Net: NetName=NetC15_B Pin=C15-B
Added Pin To Net: NetName=GND Pin=C16-A
Added Pin To Net: NetName=NetC16_B Pin=C16-B
Added Pin To Net: NetName=NetC17_A Pin=C17-A
Added Pin To Net: NetName=GND Pin=C17-B
Added Pin To Net: NetName=GND Pin=C18-A
Added Pin To Net: NetName=NetC18_B Pin=C18-B
Added Pin To Net: NetName=GND Pin=C19-A
Added Pin To Net: NetName=NetC19_B Pin=C19-B
Added Pin To Net: NetName=GND Pin=C20-A
Added Pin To Net: NetName=NetC20_B Pin=C20-B
Added Pin To Net: NetName=GND Pin=C21-A
Added Pin To Net: NetName=V_Bus Pin=C21-B
Added Pin To Net: NetName=GND Pin=C22-A
Added Pin To Net: NetName=NetC22_B Pin=C22-B
Added Pin To Net: NetName=VCC Pin=D1-A
Added Pin To Net: NetName=NetD1_B Pin=D1-B
Added Pin To Net: NetName=VCC Pin=D2-A
Added Pin To Net: NetName=NetD2_B Pin=D2-B
Added Pin To Net: NetName=VCC Pin=D3-A
Added Pin To Net: NetName=NetD3_B Pin=D3-B
Added Pin To Net: NetName=NetD4_A Pin=D4-A
Added Pin To Net: NetName=GND Pin=D4-B
Added Pin To Net: NetName=NetD5_A Pin=D5-A
Added Pin To Net: NetName=GND Pin=D5-B
Added Pin To Net: NetName=+3V3 Pin=DS1-1
Added Pin To Net: NetName=GND Pin=DS1-2
Added Pin To Net: NetName=GND Pin=DS1-2
Added Pin To Net: NetName=GND Pin=DS1-2
Added Pin To Net: NetName=GND Pin=DS1-2
Added Pin To Net: NetName=GND Pin=DS1-2
Added Pin To Net: NetName=NetDS1_3 Pin=DS1-3
Added Pin To Net: NetName=NetDS1_4 Pin=DS1-4
Added Pin To Net: NetName=NetDS1_5 Pin=DS1-5
Added Pin To Net: NetName=NetDS1_6 Pin=DS1-6
Added Pin To Net: NetName=NetDS1_7 Pin=DS1-7
Added Pin To Net: NetName=NetDS1_8 Pin=DS1-8
Added Pin To Net: NetName=V_Bus Pin=FB1-A
Added Pin To Net: NetName=GND Pin=J1-A1
Added Pin To Net: NetName=V_Bus Pin=J1-A4
Added Pin To Net: NetName=NetJ1_A5 Pin=J1-A5
Added Pin To Net: NetName=NetC19_B Pin=J1-A6
Added Pin To Net: NetName=NetC18_B Pin=J1-A7
Added Pin To Net: NetName=GND Pin=J1-B1
Added Pin To Net: NetName=V_Bus Pin=J1-B4
Added Pin To Net: NetName=NetJ1_B5 Pin=J1-B5
Added Pin To Net: NetName=NetC19_B Pin=J1-B6
Added Pin To Net: NetName=NetC18_B Pin=J1-B7
Added Pin To Net: NetName=NetC22_B Pin=J1-SHELL
Added Pin To Net: NetName=NetC22_B Pin=J1-SHELL
Added Pin To Net: NetName=NetC22_B Pin=J1-SHELL
Added Pin To Net: NetName=NetC22_B Pin=J1-SHELL
Added Pin To Net: NetName=GND Pin=Q1-1
Added Pin To Net: NetName=NetQ1_2 Pin=Q1-2
Added Pin To Net: NetName=NetQ1_3 Pin=Q1-3
Added Pin To Net: NetName=NetQ1_4 Pin=Q1-4
Added Pin To Net: NetName=NetQ1_4 Pin=Q1-5
Added Pin To Net: NetName=V_Bat Pin=Q1-6
Added Pin To Net: NetName=NetD1_B Pin=R1-A
Added Pin To Net: NetName=NetR1_B Pin=R1-B
Added Pin To Net: NetName=NetR2_A Pin=R2-A
Added Pin To Net: NetName=VCC Pin=R2-B
Added Pin To Net: NetName=NetD2_B Pin=R3-A
Added Pin To Net: NetName=NetR3_B Pin=R3-B
Added Pin To Net: NetName=NetD3_B Pin=R4-A
Added Pin To Net: NetName=NetR4_B Pin=R4-B
Added Pin To Net: NetName=NetR5_A Pin=R5-A
Added Pin To Net: NetName=GND Pin=R5-B
Added Pin To Net: NetName=GND Pin=R6-A
Added Pin To Net: NetName=NetR2_A Pin=R6-B
Added Pin To Net: NetName=VCC Pin=R7-A
Added Pin To Net: NetName=NetR7_B Pin=R7-B
Added Pin To Net: NetName=NetR8_A Pin=R8-A
Added Pin To Net: NetName=GND Pin=R8-B
Added Pin To Net: NetName=NetR9_A Pin=R9-A
Added Pin To Net: NetName=GND Pin=R9-B
Added Pin To Net: NetName=VCC Pin=R10-A
Added Pin To Net: NetName=NetR10_B Pin=R10-B
Added Pin To Net: NetName=VCC Pin=R11-A
Added Pin To Net: NetName=NetR11_B Pin=R11-B
Added Pin To Net: NetName=V_Bat Pin=R12-A
Added Pin To Net: NetName=NetQ1_4 Pin=R12-B
Added Pin To Net: NetName=NetR13_A Pin=R13-A
Added Pin To Net: NetName=NetQ1_3 Pin=R13-B
Added Pin To Net: NetName=GND Pin=R14-A
Added Pin To Net: NetName=NetR13_A Pin=R14-B
Added Pin To Net: NetName=NetR15_B Pin=R15-B
Added Pin To Net: NetName=NetR16_B Pin=R16-B
Added Pin To Net: NetName=NetC9_B Pin=R18-A
Added Pin To Net: NetName=NetC10_B Pin=R19-A
Added Pin To Net: NetName=+3V3 Pin=R20-A
Added Pin To Net: NetName=NetC15_B Pin=R20-B
Added Pin To Net: NetName=NetC16_B Pin=R21-A
Added Pin To Net: NetName=NetC15_B Pin=R21-B
Added Pin To Net: NetName=NetR22_A Pin=R22-A
Added Pin To Net: NetName=NetD4_A Pin=R22-B
Added Pin To Net: NetName=NetD5_A Pin=R23-A
Added Pin To Net: NetName=NetR23_B Pin=R23-B
Added Pin To Net: NetName=NetR24_A Pin=R24-A
Added Pin To Net: NetName=NetC17_A Pin=R24-B
Added Pin To Net: NetName=NetC18_B Pin=R25-A
Added Pin To Net: NetName=NetC19_B Pin=R26-A
Added Pin To Net: NetName=GND Pin=R27-A
Added Pin To Net: NetName=NetJ1_B5 Pin=R27-B
Added Pin To Net: NetName=GND Pin=R28-A
Added Pin To Net: NetName=NetJ1_A5 Pin=R28-B
Added Pin To Net: NetName=GND Pin=R29-A
Added Pin To Net: NetName=NetC22_B Pin=R29-B
Added Pin To Net: NetName=GND Pin=SW1-A
Added Pin To Net: NetName=GND Pin=SW1-A
Added Pin To Net: NetName=NetC16_B Pin=SW1-B
Added Pin To Net: NetName=NetC16_B Pin=SW1-B
Added Pin To Net: NetName=NetC17_A Pin=SW2-A
Added Pin To Net: NetName=NetC17_A Pin=SW2-A
Added Pin To Net: NetName=GND Pin=SW2-B
Added Pin To Net: NetName=GND Pin=SW2-B
Added Pin To Net: NetName=NetC4_B Pin=SW3-4
Added Pin To Net: NetName=V_Charger Pin=SW3-5
Added Pin To Net: NetName=GND Pin=SW4-A
Added Pin To Net: NetName=GND Pin=SW4-A
Added Pin To Net: NetName=GND Pin=SW5-A
Added Pin To Net: NetName=GND Pin=SW5-A
Added Pin To Net: NetName=GND Pin=SW6-A
Added Pin To Net: NetName=GND Pin=SW6-A
Added Pin To Net: NetName=GND Pin=SW7-A
Added Pin To Net: NetName=GND Pin=SW7-A
Added Pin To Net: NetName=NetC9_B Pin=SW7-B
Added Pin To Net: NetName=NetC9_B Pin=SW7-B
Added Pin To Net: NetName=GND Pin=SW8-A
Added Pin To Net: NetName=GND Pin=SW8-A
Added Pin To Net: NetName=NetC10_B Pin=SW8-B
Added Pin To Net: NetName=NetC10_B Pin=SW8-B
Added Pin To Net: NetName=V_Charger Pin=U1-1
Added Pin To Net: NetName=NetR2_A Pin=U1-2
Added Pin To Net: NetName=GND Pin=U1-3
Added Pin To Net: NetName=NetR7_B Pin=U1-4
Added Pin To Net: NetName=NetR9_A Pin=U1-5
Added Pin To Net: NetName=NetR1_B Pin=U1-6
Added Pin To Net: NetName=NetR3_B Pin=U1-7
Added Pin To Net: NetName=NetR4_B Pin=U1-8
Added Pin To Net: NetName=NetR10_B Pin=U1-9
Added Pin To Net: NetName=GND Pin=U1-10
Added Pin To Net: NetName=GND Pin=U1-11
Added Pin To Net: NetName=NetR8_A Pin=U1-12
Added Pin To Net: NetName=NetR5_A Pin=U1-13
Added Pin To Net: NetName=V_Bat Pin=U1-14
Added Pin To Net: NetName=V_Bat Pin=U1-15
Added Pin To Net: NetName=V_Bat Pin=U1-16
Added Pin To Net: NetName=NetR11_B Pin=U1-17
Added Pin To Net: NetName=VCC Pin=U1-18
Added Pin To Net: NetName=VCC Pin=U1-19
Added Pin To Net: NetName=V_Charger Pin=U1-20
Added Pin To Net: NetName=GND Pin=U1-21
Added Pin To Net: NetName=GND Pin=U2-1
Added Pin To Net: NetName=+3V3 Pin=U2-2
Added Pin To Net: NetName=NetC15_B Pin=U2-3
Added Pin To Net: NetName=NetR15_B Pin=U2-5
Added Pin To Net: NetName=NetR16_B Pin=U2-6
Added Pin To Net: NetName=NetDS1_5 Pin=U2-18
Added Pin To Net: NetName=NetDS1_3 Pin=U2-19
Added Pin To Net: NetName=NetDS1_4 Pin=U2-20
Added Pin To Net: NetName=NetR23_B Pin=U2-21
Added Pin To Net: NetName=NetR22_A Pin=U2-22
Added Pin To Net: NetName=NetDS1_8 Pin=U2-23
Added Pin To Net: NetName=NetDS1_6 Pin=U2-24
Added Pin To Net: NetName=NetDS1_7 Pin=U2-25
Added Pin To Net: NetName=NetR24_A Pin=U2-27
Added Pin To Net: NetName=NetR13_A Pin=U2-38
Added Pin To Net: NetName=NetQ1_2 Pin=U2-39
Added Pin To Net: NetName=GND Pin=U2-40
Added Pin To Net: NetName=NetC4_B Pin=U3-1
Added Pin To Net: NetName=GND Pin=U3-2
Added Pin To Net: NetName=NetC4_B Pin=U3-3
Added Pin To Net: NetName=+3V3 Pin=U3-5
Added Pin To Net: NetName=+3V3 Pin=U4-1
Added Pin To Net: NetName=GND Pin=U4-2
Added Pin To Net: NetName=NetC20_B Pin=U5-3
Added Pin To Net: NetName=GND Pin=U5-6
Added Pin To Net: NetName=NetC20_B Pin=U5-13
Added Pin To Net: NetName=NetC20_B Pin=U5-14
Added Pin To Net: NetName=GND Pin=U5-16
Added Pin To Net: NetName=NetC6_B Pin=C6-B
Added Pin To Net: NetName=NetC6_B Pin=R15-A
Added Pin To Net: NetName=NetC6_B Pin=SW4-B
Added Pin To Net: NetName=NetC6_B Pin=SW4-B
Added Net: Name=NetC6_B
Added Pin To Net: NetName=NetC7_B Pin=C7-B
Added Pin To Net: NetName=NetC7_B Pin=R16-A
Added Pin To Net: NetName=NetC7_B Pin=SW5-B
Added Pin To Net: NetName=NetC7_B Pin=SW5-B
Added Net: Name=NetC7_B
Added Pin To Net: NetName=NetC8_B Pin=C8-B
Added Pin To Net: NetName=NetC8_B Pin=R17-A
Added Pin To Net: NetName=NetC8_B Pin=SW6-B
Added Pin To Net: NetName=NetC8_B Pin=SW6-B
Added Net: Name=NetC8_B
Added Pin To Net: NetName=NetR17_B Pin=R17-B
Added Pin To Net: NetName=NetR17_B Pin=U2-7
Added Net: Name=NetR17_B
Added Pin To Net: NetName=NetR18_B Pin=R18-B
Added Pin To Net: NetName=NetR18_B Pin=U2-9
Added Net: Name=NetR18_B
Added Pin To Net: NetName=NetR19_B Pin=R19-B
Added Pin To Net: NetName=NetR19_B Pin=U2-8
Added Net: Name=NetR19_B
Added Pin To Net: NetName=NetR25_B Pin=R25-B
Added Pin To Net: NetName=NetR25_B Pin=R25-B
Added Pin To Net: NetName=NetR25_B Pin=R25-B
Added Pin To Net: NetName=NetR25_B Pin=U5-12
Added Net: Name=NetR25_B
Added Pin To Net: NetName=NetR26_B Pin=R26-B
Added Pin To Net: NetName=NetR26_B Pin=R26-B
Added Pin To Net: NetName=NetR26_B Pin=R26-B
Added Pin To Net: NetName=NetR26_B Pin=U5-11
Added Net: Name=NetR26_B
Added Pin To Net: NetName=NetU2_11 Pin=U2-11
Added Pin To Net: NetName=NetU2_11 Pin=U4-4
Added Net: Name=NetU2_11
Added Pin To Net: NetName=NetU2_12 Pin=U2-12
Added Pin To Net: NetName=NetU2_12 Pin=U4-3
Added Net: Name=NetU2_12
Added Pin To Net: NetName=NetU2_36 Pin=U2-36
Added Pin To Net: NetName=NetU2_36 Pin=U5-20
Added Net: Name=NetU2_36
Added Pin To Net: NetName=NetU2_37 Pin=U2-37
Added Pin To Net: NetName=NetU2_37 Pin=U5-4
Added Net: Name=NetU2_37
Add Net: Net with name "VCC" already exists
Change Class Name : Old Net Name=Power New Net Name=Designator
Add Class: Class already exists: Designator
Add Class: Class already exists: Designator
Add Class: Class already exists: Designator
