Replace Part B1 Battery in C:\Users\Public\Documents\Altium\IndoorLocalizationUnit\Power.SchDoc with Battery from Schlib1.SchLib
Replace Part C1 4,7 µF 0603 in C:\Users\Public\Documents\Altium\IndoorLocalizationUnit\Power.SchDoc with 4,7 µF 0603 from Schlib1.SchLib
Replace Part C2 10 µF 0603 in C:\Users\Public\Documents\Altium\IndoorLocalizationUnit\Power.SchDoc with 10 µF 0603 from Schlib1.SchLib
Replace Part C3 4,7 µF 0603 in C:\Users\Public\Documents\Altium\IndoorLocalizationUnit\Power.SchDoc with 4,7 µF 0603 from Schlib1.SchLib
Replace Part C4 4,7 µF 0603 in C:\Users\Public\Documents\Altium\IndoorLocalizationUnit\Power.SchDoc with 4,7 µF 0603 from Schlib1.SchLib
Replace Part C5 4,7 µF 0603 in C:\Users\Public\Documents\Altium\IndoorLocalizationUnit\Power.SchDoc with 4,7 µF 0603 from Schlib1.SchLib
Replace Part C? 4,7 µF 0603 in C:\Users\Public\Documents\Altium\IndoorLocalizationUnit\Power.SchDoc with 4,7 µF 0603 from Schlib1.SchLib
Replace Part C? 47 pF 0603 in C:\Users\Public\Documents\Altium\IndoorLocalizationUnit\Power.SchDoc with 47 pF 0603 from Schlib1.SchLib
Replace Part C? 47 pF 0603 in C:\Users\Public\Documents\Altium\IndoorLocalizationUnit\Power.SchDoc with 47 pF 0603 from Schlib1.SchLib
Replace Part C? 4,7 µF 0603 in C:\Users\Public\Documents\Altium\IndoorLocalizationUnit\Power.SchDoc with 4,7 µF 0603 from Schlib1.SchLib
Replace Part C? 0.1 µF 0603 in C:\Users\Public\Documents\Altium\IndoorLocalizationUnit\Power.SchDoc with 0.1 µF 0603 from Schlib1.SchLib
Replace Part C? 0.1 µF 0603 in C:\Users\Public\Documents\Altium\IndoorLocalizationUnit\Power.SchDoc with 0.1 µF 0603 from Schlib1.SchLib
Replace Part C? 1 µF 0603 in C:\Users\Public\Documents\Altium\IndoorLocalizationUnit\Power.SchDoc with 1 µF 0603 from Schlib1.SchLib
Replace Part C? 0.1 µF 0603 in C:\Users\Public\Documents\Altium\IndoorLocalizationUnit\Power.SchDoc with 0.1 µF 0603 from Schlib1.SchLib
Replace Part C? 0.1 µF 0603 in C:\Users\Public\Documents\Altium\IndoorLocalizationUnit\Power.SchDoc with 0.1 µF 0603 from Schlib1.SchLib
Replace Part C? 10 nF 0603 in C:\Users\Public\Documents\Altium\IndoorLocalizationUnit\Power.SchDoc with 10 nF 0603 from Schlib1.SchLib
Replace Part C? 22 µF 0603 in C:\Users\Public\Documents\Altium\IndoorLocalizationUnit\Power.SchDoc with 22 µF 0603 from Schlib1.SchLib
Replace Part C? 0.1 µF 0603 in C:\Users\Public\Documents\Altium\IndoorLocalizationUnit\Power.SchDoc with 0.1 µF 0603 from Schlib1.SchLib
Replace Part D1 D.Green in C:\Users\Public\Documents\Altium\IndoorLocalizationUnit\Power.SchDoc with D.Green from Schlib1.SchLib
Replace Part D2 D.Blue in C:\Users\Public\Documents\Altium\IndoorLocalizationUnit\Power.SchDoc with D.Blue from Schlib1.SchLib
Replace Part D3 D.Red in C:\Users\Public\Documents\Altium\IndoorLocalizationUnit\Power.SchDoc with D.Red from Schlib1.SchLib
Replace Part D? D.Green in C:\Users\Public\Documents\Altium\IndoorLocalizationUnit\Power.SchDoc with D.Green from Schlib1.SchLib
Replace Part D? D.Blue in C:\Users\Public\Documents\Altium\IndoorLocalizationUnit\Power.SchDoc with D.Blue from Schlib1.SchLib
Replace Part DS? LCD-screen in C:\Users\Public\Documents\Altium\IndoorLocalizationUnit\Power.SchDoc with LCD-screen from Schlib1.SchLib
Replace Part FB? FB 0.6 kO 0603 in C:\Users\Public\Documents\Altium\IndoorLocalizationUnit\Power.SchDoc with FB 0.6 kO 0603 from Schlib1.SchLib
Replace Part FB? FB 0.6 kO 0603 in C:\Users\Public\Documents\Altium\IndoorLocalizationUnit\Power.SchDoc with FB 0.6 kO 0603 from Schlib1.SchLib
Replace Part J? USB4105-GF-A in C:\Users\Public\Documents\Altium\IndoorLocalizationUnit\Power.SchDoc with USB4105-GF-A from Schlib1.SchLib
Replace Part Q1 DMC2400UV-7 in C:\Users\Public\Documents\Altium\IndoorLocalizationUnit\Power.SchDoc with DMC2400UV-7 from Schlib1.SchLib
Replace Part R1 0.47 kO 0603 in C:\Users\Public\Documents\Altium\IndoorLocalizationUnit\Power.SchDoc with 0.47 kO 0603 from Schlib1.SchLib
Replace Part R2 330 kO 0603 in C:\Users\Public\Documents\Altium\IndoorLocalizationUnit\Power.SchDoc with 330 kO 0603 from Schlib1.SchLib
Replace Part R3 0.47 kO 0603 in C:\Users\Public\Documents\Altium\IndoorLocalizationUnit\Power.SchDoc with 0.47 kO 0603 from Schlib1.SchLib
Replace Part R4 0.47 kO 0603 in C:\Users\Public\Documents\Altium\IndoorLocalizationUnit\Power.SchDoc with 0.47 kO 0603 from Schlib1.SchLib
Replace Part R5 4.7 kO 0603 in C:\Users\Public\Documents\Altium\IndoorLocalizationUnit\Power.SchDoc with 4.7 kO 0603 from Schlib1.SchLib
Replace Part R6 110 kO 0603 in C:\Users\Public\Documents\Altium\IndoorLocalizationUnit\Power.SchDoc with 110 kO 0603 from Schlib1.SchLib
Replace Part R7 4.7 kO 0603 in C:\Users\Public\Documents\Altium\IndoorLocalizationUnit\Power.SchDoc with 4.7 kO 0603 from Schlib1.SchLib
Replace Part R8 100 kO 0603 in C:\Users\Public\Documents\Altium\IndoorLocalizationUnit\Power.SchDoc with 100 kO 0603 from Schlib1.SchLib
Replace Part R9 NTC 10 KO 0603 in C:\Users\Public\Documents\Altium\IndoorLocalizationUnit\Power.SchDoc with NTC 10 KO 0603 from Schlib1.SchLib
Replace Part R10 4.7 kO 0603 in C:\Users\Public\Documents\Altium\IndoorLocalizationUnit\Power.SchDoc with 4.7 kO 0603 from Schlib1.SchLib
Replace Part R11 4.7 kO 0603 in C:\Users\Public\Documents\Altium\IndoorLocalizationUnit\Power.SchDoc with 4.7 kO 0603 from Schlib1.SchLib
Replace Part R12 110 kO 0603 in C:\Users\Public\Documents\Altium\IndoorLocalizationUnit\Power.SchDoc with 110 kO 0603 from Schlib1.SchLib
Replace Part R13 30 kO 0603 in C:\Users\Public\Documents\Altium\IndoorLocalizationUnit\Power.SchDoc with 30 kO 0603 from Schlib1.SchLib
Replace Part R14 110 kO 0603 in C:\Users\Public\Documents\Altium\IndoorLocalizationUnit\Power.SchDoc with 110 kO 0603 from Schlib1.SchLib
Replace Part R? 27 O 0603 in C:\Users\Public\Documents\Altium\IndoorLocalizationUnit\Power.SchDoc with 27 O 0603 from Schlib1.SchLib
Replace Part R? 27 O 0603 in C:\Users\Public\Documents\Altium\IndoorLocalizationUnit\Power.SchDoc with 27 O 0603 from Schlib1.SchLib
Replace Part R? 5.1 kO 0603 in C:\Users\Public\Documents\Altium\IndoorLocalizationUnit\Power.SchDoc with 5.1 kO 0603 from Schlib1.SchLib
Replace Part R? 100 kO 0603 in C:\Users\Public\Documents\Altium\IndoorLocalizationUnit\Power.SchDoc with 100 kO 0603 from Schlib1.SchLib
Replace Part R? 5.1 kO 0603 in C:\Users\Public\Documents\Altium\IndoorLocalizationUnit\Power.SchDoc with 5.1 kO 0603 from Schlib1.SchLib
Replace Part R? 0.05 kO 0603 in C:\Users\Public\Documents\Altium\IndoorLocalizationUnit\Power.SchDoc with 0.05 kO 0603 from Schlib1.SchLib
Replace Part R? 0.05 kO 0603 in C:\Users\Public\Documents\Altium\IndoorLocalizationUnit\Power.SchDoc with 0.05 kO 0603 from Schlib1.SchLib
Replace Part R? 0 O 0603 in C:\Users\Public\Documents\Altium\IndoorLocalizationUnit\Power.SchDoc with 0 O 0603 from Schlib1.SchLib
Replace Part R? 10 kO 0603 in C:\Users\Public\Documents\Altium\IndoorLocalizationUnit\Power.SchDoc with 10 kO 0603 from Schlib1.SchLib
Replace Part R? 0 O 0603 in C:\Users\Public\Documents\Altium\IndoorLocalizationUnit\Power.SchDoc with 0 O 0603 from Schlib1.SchLib
Replace Part S1 JS202011SCQN in C:\Users\Public\Documents\Altium\IndoorLocalizationUnit\Power.SchDoc with JS202011SCQN from Schlib1.SchLib
Replace Part SW? R-667843 in C:\Users\Public\Documents\Altium\IndoorLocalizationUnit\Power.SchDoc with R-667843 from Schlib1.SchLib
Replace Part SW? R-667843 in C:\Users\Public\Documents\Altium\IndoorLocalizationUnit\Power.SchDoc with R-667843 from Schlib1.SchLib
Replace Part U3 TLV75533PDBVR in C:\Users\Public\Documents\Altium\IndoorLocalizationUnit\Power.SchDoc with TLV75533PDBVR from Schlib1.SchLib
Replace Part U? ESP32-S3-WROOM-1-N16 in C:\Users\Public\Documents\Altium\IndoorLocalizationUnit\Power.SchDoc with ESP32-S3-WROOM-1-N16 from Schlib1.SchLib
Replace Part U? GY-9250 in C:\Users\Public\Documents\Altium\IndoorLocalizationUnit\Power.SchDoc with GY-9250 from Schlib1.SchLib
