Replace Part B1 Battery in C:\Users\Public\Documents\Altium\IndoorLocalizationUnit\Power.SchDoc with Battery from Schlib1.SchLib
Replace Part C1 4,7 µF 0603 in C:\Users\Public\Documents\Altium\IndoorLocalizationUnit\Power.SchDoc with 4,7 µF 0603 from Schlib1.SchLib
Replace Part C2 10 µF 0603 in C:\Users\Public\Documents\Altium\IndoorLocalizationUnit\Power.SchDoc with 10 µF 0603 from Schlib1.SchLib
Replace Part C3 4,7 µF 0603 in C:\Users\Public\Documents\Altium\IndoorLocalizationUnit\Power.SchDoc with 4,7 µF 0603 from Schlib1.SchLib
Replace Part C4 4,7 µF 0603 in C:\Users\Public\Documents\Altium\IndoorLocalizationUnit\Power.SchDoc with 4,7 µF 0603 from Schlib1.SchLib
Replace Part C5 4,7 µF 0603 in C:\Users\Public\Documents\Altium\IndoorLocalizationUnit\Power.SchDoc with 4,7 µF 0603 from Schlib1.SchLib
Replace Part D1 D.Green in C:\Users\Public\Documents\Altium\IndoorLocalizationUnit\Power.SchDoc with D.Green from Schlib1.SchLib
Replace Part D2 D.Blue in C:\Users\Public\Documents\Altium\IndoorLocalizationUnit\Power.SchDoc with D.Blue from Schlib1.SchLib
Replace Part D3 D.Red in C:\Users\Public\Documents\Altium\IndoorLocalizationUnit\Power.SchDoc with D.Red from Schlib1.SchLib
Replace Part J1 USB4125-GF-A in C:\Users\Public\Documents\Altium\IndoorLocalizationUnit\Power.SchDoc with USB4125-GF-A from Schlib1.SchLib
Replace Part Q1 DMC2400UV-7 in C:\Users\Public\Documents\Altium\IndoorLocalizationUnit\Power.SchDoc with DMC2400UV-7 from Schlib1.SchLib
Replace Part R1 0.47 kO 0603 in C:\Users\Public\Documents\Altium\IndoorLocalizationUnit\Power.SchDoc with 0.47 kO 0603 from Schlib1.SchLib
Replace Part R2 330 kO 0603 in C:\Users\Public\Documents\Altium\IndoorLocalizationUnit\Power.SchDoc with 330 kO 0603 from Schlib1.SchLib
Replace Part R3 0.47 kO 0603 in C:\Users\Public\Documents\Altium\IndoorLocalizationUnit\Power.SchDoc with 0.47 kO 0603 from Schlib1.SchLib
Replace Part R4 0.47 kO 0603 in C:\Users\Public\Documents\Altium\IndoorLocalizationUnit\Power.SchDoc with 0.47 kO 0603 from Schlib1.SchLib
Replace Part R5 4.7 kO 0603 in C:\Users\Public\Documents\Altium\IndoorLocalizationUnit\Power.SchDoc with 4.7 kO 0603 from Schlib1.SchLib
Replace Part R6 110 kO 0603 in C:\Users\Public\Documents\Altium\IndoorLocalizationUnit\Power.SchDoc with 110 kO 0603 from Schlib1.SchLib
Replace Part R7 4.7 kO 0603 in C:\Users\Public\Documents\Altium\IndoorLocalizationUnit\Power.SchDoc with 4.7 kO 0603 from Schlib1.SchLib
Replace Part R8 100 kO 0603 in C:\Users\Public\Documents\Altium\IndoorLocalizationUnit\Power.SchDoc with 100 kO 0603 from Schlib1.SchLib
Replace Part R9 NTC 10 KO 0603 in C:\Users\Public\Documents\Altium\IndoorLocalizationUnit\Power.SchDoc with NTC 10 KO 0603 from Schlib1.SchLib
Replace Part R10 4.7 kO 0603 in C:\Users\Public\Documents\Altium\IndoorLocalizationUnit\Power.SchDoc with 4.7 kO 0603 from Schlib1.SchLib
Replace Part R11 4.7 kO 0603 in C:\Users\Public\Documents\Altium\IndoorLocalizationUnit\Power.SchDoc with 4.7 kO 0603 from Schlib1.SchLib
Replace Part R12 110 kO 0603 in C:\Users\Public\Documents\Altium\IndoorLocalizationUnit\Power.SchDoc with 110 kO 0603 from Schlib1.SchLib
Replace Part R13 30 kO 0603 in C:\Users\Public\Documents\Altium\IndoorLocalizationUnit\Power.SchDoc with 30 kO 0603 from Schlib1.SchLib
Replace Part R14 110 kO 0603 in C:\Users\Public\Documents\Altium\IndoorLocalizationUnit\Power.SchDoc with 110 kO 0603 from Schlib1.SchLib
Replace Part S1 JS202011SCQN in C:\Users\Public\Documents\Altium\IndoorLocalizationUnit\Power.SchDoc with JS202011SCQN from Schlib1.SchLib
Replace Part U1 MCP73871 in C:\Users\Public\Documents\Altium\IndoorLocalizationUnit\Power.SchDoc with MCP73871 from Schlib1.SchLib
Replace Part U2 FT231XS-R in C:\Users\Public\Documents\Altium\IndoorLocalizationUnit\Power.SchDoc with FT231XS-R from Schlib1.SchLib
Replace Part U3 TLV75533PDBVR in C:\Users\Public\Documents\Altium\IndoorLocalizationUnit\Power.SchDoc with TLV75533PDBVR from Schlib1.SchLib
