Replace Part B1 Battery in C:\Users\Public\Documents\Altium\IndoorLocalizationUnit\Power.SchDoc with Battery from Schlib1.SchLib
Replace Part C1 4,7 µF 0603 in C:\Users\Public\Documents\Altium\IndoorLocalizationUnit\Power.SchDoc with 4,7 µF 0603 from Schlib1.SchLib
Replace Part C2 10 µF 0603 in C:\Users\Public\Documents\Altium\IndoorLocalizationUnit\Power.SchDoc with 10 µF 0603 from Schlib1.SchLib
Replace Part C3 4,7 µF 0603 in C:\Users\Public\Documents\Altium\IndoorLocalizationUnit\Power.SchDoc with 4,7 µF 0603 from Schlib1.SchLib
Replace Part C4 4,7 µF 0603 in C:\Users\Public\Documents\Altium\IndoorLocalizationUnit\Power.SchDoc with 4,7 µF 0603 from Schlib1.SchLib
Replace Part C5 4,7 µF 0603 in C:\Users\Public\Documents\Altium\IndoorLocalizationUnit\Power.SchDoc with 4,7 µF 0603 from Schlib1.SchLib
Replace Part C6 0.1 µF 0603 in C:\Users\Public\Documents\Altium\IndoorLocalizationUnit\Power.SchDoc with 0.1 µF 0603 from Schlib1.SchLib
Replace Part C7 4,7 µF 0603 in C:\Users\Public\Documents\Altium\IndoorLocalizationUnit\Power.SchDoc with 4,7 µF 0603 from Schlib1.SchLib
Replace Part C8 10 nF 0603 in C:\Users\Public\Documents\Altium\IndoorLocalizationUnit\Power.SchDoc with 10 nF 0603 from Schlib1.SchLib
Replace Part C9 47 pF 0603 in C:\Users\Public\Documents\Altium\IndoorLocalizationUnit\Power.SchDoc with 47 pF 0603 from Schlib1.SchLib
Replace Part C10 47 pF 0603 in C:\Users\Public\Documents\Altium\IndoorLocalizationUnit\Power.SchDoc with 47 pF 0603 from Schlib1.SchLib
Replace Part C11 0.1 µF 0603 in C:\Users\Public\Documents\Altium\IndoorLocalizationUnit\Power.SchDoc with 0.1 µF 0603 from Schlib1.SchLib
Replace Part C12 4,7 µF 0603 in C:\Users\Public\Documents\Altium\IndoorLocalizationUnit\Power.SchDoc with 4,7 µF 0603 from Schlib1.SchLib
Replace Part C13 22 µF 0603 in C:\Users\Public\Documents\Altium\IndoorLocalizationUnit\Power.SchDoc with 22 µF 0603 from Schlib1.SchLib
Replace Part C14 0.1 µF 0603 in C:\Users\Public\Documents\Altium\IndoorLocalizationUnit\Power.SchDoc with 0.1 µF 0603 from Schlib1.SchLib
Replace Part C15 1 µF 0603 in C:\Users\Public\Documents\Altium\IndoorLocalizationUnit\Power.SchDoc with 1 µF 0603 from Schlib1.SchLib
Replace Part C16 0.1 µF 0603 in C:\Users\Public\Documents\Altium\IndoorLocalizationUnit\Power.SchDoc with 0.1 µF 0603 from Schlib1.SchLib
Replace Part C17 0.1 µF 0603 in C:\Users\Public\Documents\Altium\IndoorLocalizationUnit\Power.SchDoc with 0.1 µF 0603 from Schlib1.SchLib
Replace Part C18 0.1 µF 0603 in C:\Users\Public\Documents\Altium\IndoorLocalizationUnit\Power.SchDoc with 0.1 µF 0603 from Schlib1.SchLib
Replace Part C19 0.1 µF 0603 in C:\Users\Public\Documents\Altium\IndoorLocalizationUnit\Power.SchDoc with 0.1 µF 0603 from Schlib1.SchLib
Replace Part C20 0.1 µF 0603 in C:\Users\Public\Documents\Altium\IndoorLocalizationUnit\Power.SchDoc with 0.1 µF 0603 from Schlib1.SchLib
Replace Part C21 0.1 µF 0603 in C:\Users\Public\Documents\Altium\IndoorLocalizationUnit\Power.SchDoc with 0.1 µF 0603 from Schlib1.SchLib
Replace Part C22 0.1 µF 0603 in C:\Users\Public\Documents\Altium\IndoorLocalizationUnit\Power.SchDoc with 0.1 µF 0603 from Schlib1.SchLib
Replace Part D1 D.Green in C:\Users\Public\Documents\Altium\IndoorLocalizationUnit\Power.SchDoc with D.Green from Schlib1.SchLib
Replace Part D2 D.Blue in C:\Users\Public\Documents\Altium\IndoorLocalizationUnit\Power.SchDoc with D.Blue from Schlib1.SchLib
Replace Part D3 D.Red in C:\Users\Public\Documents\Altium\IndoorLocalizationUnit\Power.SchDoc with D.Red from Schlib1.SchLib
Replace Part D4 D.Green in C:\Users\Public\Documents\Altium\IndoorLocalizationUnit\Power.SchDoc with D.Green from Schlib1.SchLib
Replace Part D5 D.Blue in C:\Users\Public\Documents\Altium\IndoorLocalizationUnit\Power.SchDoc with D.Blue from Schlib1.SchLib
Replace Part DS1 LCD-screen in C:\Users\Public\Documents\Altium\IndoorLocalizationUnit\Power.SchDoc with LCD-screen from Schlib1.SchLib
Replace Part FB1 FB 0.6 kO 0603 in C:\Users\Public\Documents\Altium\IndoorLocalizationUnit\Power.SchDoc with FB 0.6 kO 0603 from Schlib1.SchLib
Replace Part FB2 FB 0.6 kO 0603 in C:\Users\Public\Documents\Altium\IndoorLocalizationUnit\Power.SchDoc with FB 0.6 kO 0603 from Schlib1.SchLib
Replace Part J1 USB4105-GF-A in C:\Users\Public\Documents\Altium\IndoorLocalizationUnit\Power.SchDoc with USB4105-GF-A from Schlib1.SchLib
Replace Part Q1 DMC2400UV-7 in C:\Users\Public\Documents\Altium\IndoorLocalizationUnit\Power.SchDoc with DMC2400UV-7 from Schlib1.SchLib
Replace Part R1 0.47 kO 0603 in C:\Users\Public\Documents\Altium\IndoorLocalizationUnit\Power.SchDoc with 0.47 kO 0603 from Schlib1.SchLib
Replace Part R2 330 kO 0603 in C:\Users\Public\Documents\Altium\IndoorLocalizationUnit\Power.SchDoc with 330 kO 0603 from Schlib1.SchLib
Replace Part R3 0.47 kO 0603 in C:\Users\Public\Documents\Altium\IndoorLocalizationUnit\Power.SchDoc with 0.47 kO 0603 from Schlib1.SchLib
Replace Part R4 0.47 kO 0603 in C:\Users\Public\Documents\Altium\IndoorLocalizationUnit\Power.SchDoc with 0.47 kO 0603 from Schlib1.SchLib
Replace Part R5 4.7 kO 0603 in C:\Users\Public\Documents\Altium\IndoorLocalizationUnit\Power.SchDoc with 4.7 kO 0603 from Schlib1.SchLib
Replace Part R6 110 kO 0603 in C:\Users\Public\Documents\Altium\IndoorLocalizationUnit\Power.SchDoc with 110 kO 0603 from Schlib1.SchLib
Replace Part R7 4.7 kO 0603 in C:\Users\Public\Documents\Altium\IndoorLocalizationUnit\Power.SchDoc with 4.7 kO 0603 from Schlib1.SchLib
Replace Part R8 100 kO 0603 in C:\Users\Public\Documents\Altium\IndoorLocalizationUnit\Power.SchDoc with 100 kO 0603 from Schlib1.SchLib
Replace Part R9 NTC 10 KO 0603 in C:\Users\Public\Documents\Altium\IndoorLocalizationUnit\Power.SchDoc with NTC 10 KO 0603 from Schlib1.SchLib
Replace Part R10 4.7 kO 0603 in C:\Users\Public\Documents\Altium\IndoorLocalizationUnit\Power.SchDoc with 4.7 kO 0603 from Schlib1.SchLib
Replace Part R11 4.7 kO 0603 in C:\Users\Public\Documents\Altium\IndoorLocalizationUnit\Power.SchDoc with 4.7 kO 0603 from Schlib1.SchLib
Replace Part R12 110 kO 0603 in C:\Users\Public\Documents\Altium\IndoorLocalizationUnit\Power.SchDoc with 110 kO 0603 from Schlib1.SchLib
Replace Part R13 30 kO 0603 in C:\Users\Public\Documents\Altium\IndoorLocalizationUnit\Power.SchDoc with 30 kO 0603 from Schlib1.SchLib
Replace Part R14 110 kO 0603 in C:\Users\Public\Documents\Altium\IndoorLocalizationUnit\Power.SchDoc with 110 kO 0603 from Schlib1.SchLib
Replace Part R15 27 O 0603 in C:\Users\Public\Documents\Altium\IndoorLocalizationUnit\Power.SchDoc with 27 O 0603 from Schlib1.SchLib
Replace Part R16 27 O 0603 in C:\Users\Public\Documents\Altium\IndoorLocalizationUnit\Power.SchDoc with 27 O 0603 from Schlib1.SchLib
Replace Part R17 5.1 kO 0603 in C:\Users\Public\Documents\Altium\IndoorLocalizationUnit\Power.SchDoc with 5.1 kO 0603 from Schlib1.SchLib
Replace Part R18 5.1 kO 0603 in C:\Users\Public\Documents\Altium\IndoorLocalizationUnit\Power.SchDoc with 5.1 kO 0603 from Schlib1.SchLib
Replace Part R19 100 kO 0603 in C:\Users\Public\Documents\Altium\IndoorLocalizationUnit\Power.SchDoc with 100 kO 0603 from Schlib1.SchLib
Replace Part R20 10 kO 0603 in C:\Users\Public\Documents\Altium\IndoorLocalizationUnit\Power.SchDoc with 10 kO 0603 from Schlib1.SchLib
Replace Part R21 0 O 0603 in C:\Users\Public\Documents\Altium\IndoorLocalizationUnit\Power.SchDoc with 0 O 0603 from Schlib1.SchLib
Replace Part R22 0.05 kO 0603 in C:\Users\Public\Documents\Altium\IndoorLocalizationUnit\Power.SchDoc with 0.05 kO 0603 from Schlib1.SchLib
Replace Part R23 0.05 kO 0603 in C:\Users\Public\Documents\Altium\IndoorLocalizationUnit\Power.SchDoc with 0.05 kO 0603 from Schlib1.SchLib
Replace Part R24 0 O 0603 in C:\Users\Public\Documents\Altium\IndoorLocalizationUnit\Power.SchDoc with 0 O 0603 from Schlib1.SchLib
Replace Part R25 0 O 0603 in C:\Users\Public\Documents\Altium\IndoorLocalizationUnit\Power.SchDoc with 0 O 0603 from Schlib1.SchLib
Replace Part R26 0 O 0603 in C:\Users\Public\Documents\Altium\IndoorLocalizationUnit\Power.SchDoc with 0 O 0603 from Schlib1.SchLib
Replace Part R27 0 O 0603 in C:\Users\Public\Documents\Altium\IndoorLocalizationUnit\Power.SchDoc with 0 O 0603 from Schlib1.SchLib
Replace Part R28 0 O 0603 in C:\Users\Public\Documents\Altium\IndoorLocalizationUnit\Power.SchDoc with 0 O 0603 from Schlib1.SchLib
Replace Part R29 0 O 0603 in C:\Users\Public\Documents\Altium\IndoorLocalizationUnit\Power.SchDoc with 0 O 0603 from Schlib1.SchLib
Replace Part S1 JS202011SCQN in C:\Users\Public\Documents\Altium\IndoorLocalizationUnit\Power.SchDoc with JS202011SCQN from Schlib1.SchLib
Replace Part SW1 R-667843 in C:\Users\Public\Documents\Altium\IndoorLocalizationUnit\Power.SchDoc with R-667843 from Schlib1.SchLib
Replace Part SW2 R-667843 in C:\Users\Public\Documents\Altium\IndoorLocalizationUnit\Power.SchDoc with R-667843 from Schlib1.SchLib
Replace Part SW3 R-667843 in C:\Users\Public\Documents\Altium\IndoorLocalizationUnit\Power.SchDoc with R-667843 from Schlib1.SchLib
Replace Part SW4 R-667843 in C:\Users\Public\Documents\Altium\IndoorLocalizationUnit\Power.SchDoc with R-667843 from Schlib1.SchLib
Replace Part SW5 R-667843 in C:\Users\Public\Documents\Altium\IndoorLocalizationUnit\Power.SchDoc with R-667843 from Schlib1.SchLib
Replace Part SW6 R-667843 in C:\Users\Public\Documents\Altium\IndoorLocalizationUnit\Power.SchDoc with R-667843 from Schlib1.SchLib
Replace Part SW7 R-667843 in C:\Users\Public\Documents\Altium\IndoorLocalizationUnit\Power.SchDoc with R-667843 from Schlib1.SchLib
Replace Part U3 TLV75533PDBVR in C:\Users\Public\Documents\Altium\IndoorLocalizationUnit\Power.SchDoc with TLV75533PDBVR from Schlib1.SchLib
Replace Part U4 ESP32-S3-WROOM-1-N16 in C:\Users\Public\Documents\Altium\IndoorLocalizationUnit\Power.SchDoc with ESP32-S3-WROOM-1-N16 from Schlib1.SchLib
Replace Part U5 GY-9250 in C:\Users\Public\Documents\Altium\IndoorLocalizationUnit\Power.SchDoc with GY-9250 from Schlib1.SchLib
